2022-04-09 13:07:37.362 INFO  (main) [   ] o.e.j.u.log Logging initialized @3783ms to org.eclipse.jetty.util.log.Slf4jLog
2022-04-09 13:07:37.724 INFO  (main) [   ] o.e.j.s.Server jetty-9.4.44.v20210927; built: 2021-09-27T23:02:44.612Z; git: 8da83308eeca865e495e53ef315a249d63ba9332; jvm 11.0.11+9
2022-04-09 13:07:37.736 INFO  (main) [   ] o.e.j.d.p.ScanningAppProvider Deployment monitor [file:///D:/Projects/IR%20Project/solr-8.11.1/server/contexts/] at interval 0
2022-04-09 13:07:38.562 INFO  (main) [   ] o.e.j.w.StandardDescriptorProcessor NO JSP Support for /solr, did not find org.apache.jasper.servlet.JspServlet
2022-04-09 13:07:38.601 INFO  (main) [   ] o.e.j.s.session DefaultSessionIdManager workerName=node0
2022-04-09 13:07:38.601 INFO  (main) [   ] o.e.j.s.session No SessionScavenger set, using defaults
2022-04-09 13:07:38.604 INFO  (main) [   ] o.e.j.s.session node0 Scavenging every 660000ms
2022-04-09 13:07:38.730 INFO  (main) [   ] o.a.s.s.SolrDispatchFilter Using logger factory org.apache.logging.slf4j.Log4jLoggerFactory
2022-04-09 13:07:38.746 INFO  (main) [   ] o.a.s.s.SolrDispatchFilter  ___      _       Welcome to Apache Solr™ version 8.11.1
2022-04-09 13:07:38.746 INFO  (main) [   ] o.a.s.s.SolrDispatchFilter / __| ___| |_ _   Starting in standalone mode on port 8983
2022-04-09 13:07:38.746 INFO  (main) [   ] o.a.s.s.SolrDispatchFilter \__ \/ _ \ | '_|  Install dir: D:\Projects\IR Project\solr-8.11.1
2022-04-09 13:07:38.746 INFO  (main) [   ] o.a.s.s.SolrDispatchFilter |___/\___/_|_|    Start time: 2022-04-09T13:07:38.746998700Z
2022-04-09 13:07:38.776 INFO  (main) [   ] o.a.s.c.SolrPaths Using system property solr.solr.home: D:\Projects\IR Project\solr-8.11.1\server\solr
2022-04-09 13:07:38.776 INFO  (main) [   ] o.a.s.c.SolrXmlConfig Loading container configuration from D:\Projects\IR Project\solr-8.11.1\server\solr\solr.xml
2022-04-09 13:07:39.016 INFO  (main) [   ] o.a.s.c.SolrXmlConfig MBean server found: com.sun.jmx.mbeanserver.JmxMBeanServer@539d019, but no JMX reporters were configured - adding default JMX reporter.
2022-04-09 13:07:40.124 INFO  (main) [   ] o.a.s.h.c.HttpShardHandlerFactory Host whitelist initialized: WhitelistHostChecker [whitelistHosts=null, whitelistHostCheckingEnabled=true]
2022-04-09 13:07:40.751 WARN  (main) [   ] o.e.j.u.s.S.config Trusting all certificates configured for Client@2d9dff65[provider=null,keyStore=null,trustStore=null]
2022-04-09 13:07:40.751 WARN  (main) [   ] o.e.j.u.s.S.config No Client EndPointIdentificationAlgorithm configured for Client@2d9dff65[provider=null,keyStore=null,trustStore=null]
2022-04-09 13:07:41.215 WARN  (main) [   ] o.e.j.u.s.S.config Trusting all certificates configured for Client@f88bfbe[provider=null,keyStore=null,trustStore=null]
2022-04-09 13:07:41.216 WARN  (main) [   ] o.e.j.u.s.S.config No Client EndPointIdentificationAlgorithm configured for Client@f88bfbe[provider=null,keyStore=null,trustStore=null]
2022-04-09 13:07:41.403 WARN  (main) [   ] o.a.s.c.CoreContainer Not all security plugins configured!  authentication=disabled authorization=disabled.  Solr is only as secure as you make it. Consider configuring authentication/authorization before exposing Solr to users internal or external.  See https://s.apache.org/solrsecurity for more info
2022-04-09 13:07:41.794 INFO  (main) [   ] o.a.s.c.TransientSolrCoreCacheDefault Allocating transient core cache for max 2147483647 cores with initial capacity of 1024
2022-04-09 13:07:41.841 INFO  (main) [   ] o.a.s.h.a.MetricsHistoryHandler No .system collection, keeping metrics history in memory.
2022-04-09 13:07:41.958 INFO  (main) [   ] o.a.s.m.r.SolrJmxReporter JMX monitoring for 'solr.node' (registry 'solr.node') enabled at server: com.sun.jmx.mbeanserver.JmxMBeanServer@539d019
2022-04-09 13:07:41.958 INFO  (main) [   ] o.a.s.m.r.SolrJmxReporter JMX monitoring for 'solr.jvm' (registry 'solr.jvm') enabled at server: com.sun.jmx.mbeanserver.JmxMBeanServer@539d019
2022-04-09 13:07:41.959 INFO  (main) [   ] o.a.s.m.r.SolrJmxReporter JMX monitoring for 'solr.jetty' (registry 'solr.jetty') enabled at server: com.sun.jmx.mbeanserver.JmxMBeanServer@539d019
2022-04-09 13:07:42.154 INFO  (main) [   ] o.a.s.c.CorePropertiesLocator Found 1 core definitions underneath D:\Projects\IR Project\solr-8.11.1\server\solr
2022-04-09 13:07:42.155 INFO  (main) [   ] o.a.s.c.CorePropertiesLocator Cores are: [tweets]
2022-04-09 13:07:42.219 INFO  (coreLoadExecutor-13-thread-1) [   x:tweets] o.a.s.c.SolrConfig Using Lucene MatchVersion: 8.11.1
2022-04-09 13:07:42.277 WARN  (coreLoadExecutor-13-thread-1) [   x:tweets] o.a.s.c.SolrConfig solrconfig.xml: <jmx> is no longer supported, use solr.xml:/metrics/reporter section instead
2022-04-09 13:07:42.387 INFO  (coreLoadExecutor-13-thread-1) [   x:tweets] o.a.s.s.IndexSchema Schema name=default-config
2022-04-09 13:07:42.974 INFO  (main) [   ] o.e.j.s.h.ContextHandler Started o.e.j.w.WebAppContext@5aa360ea{/solr,file:///D:/Projects/IR%20Project/solr-8.11.1/server/solr-webapp/webapp/,AVAILABLE}{D:\Projects\IR Project\solr-8.11.1\server/solr-webapp/webapp}
2022-04-09 13:07:43.006 INFO  (main) [   ] o.e.j.s.AbstractConnector Started ServerConnector@4efcf8a{HTTP/1.1, (http/1.1, h2c)}{0.0.0.0:8983}
2022-04-09 13:07:43.006 INFO  (main) [   ] o.e.j.s.Server Started @9430ms
2022-04-09 13:07:43.172 WARN  (coreLoadExecutor-13-thread-1) [   x:tweets] o.a.s.s.AbstractSpatialPrefixTreeFieldType FieldType SpatialRecursivePrefixTreeFieldType does not allow omitNorms to be specified in schema, hardcoded behavior is omitNorms=true
2022-04-09 13:07:43.172 WARN  (coreLoadExecutor-13-thread-1) [   x:tweets] o.a.s.s.AbstractSpatialPrefixTreeFieldType FieldType SpatialRecursivePrefixTreeFieldType does not allow omitTermFreqAndPositions to be specified in schema, hardcoded behavior is omitTermFreqAndPositions=true
2022-04-09 13:07:43.172 WARN  (coreLoadExecutor-13-thread-1) [   x:tweets] o.a.s.s.AbstractSpatialPrefixTreeFieldType FieldType SpatialRecursivePrefixTreeFieldType does not allow termOffsets to be specified in schema, hardcoded behavior is termOffsets=false
2022-04-09 13:07:43.172 WARN  (coreLoadExecutor-13-thread-1) [   x:tweets] o.a.s.s.AbstractSpatialPrefixTreeFieldType FieldType SpatialRecursivePrefixTreeFieldType does not allow termPositions to be specified in schema, hardcoded behavior is termPositions=false
2022-04-09 13:07:43.172 WARN  (coreLoadExecutor-13-thread-1) [   x:tweets] o.a.s.s.AbstractSpatialPrefixTreeFieldType FieldType SpatialRecursivePrefixTreeFieldType does not allow omitPositions to be specified in schema, hardcoded behavior is omitPositions=true
2022-04-09 13:07:43.434 INFO  (qtp2016828666-23) [   ] o.a.s.s.HttpSolrCall [admin] webapp=null path=/admin/info/system params={wt=json} status=0 QTime=223
2022-04-09 13:07:44.014 INFO  (coreLoadExecutor-13-thread-1) [   x:tweets] o.a.s.s.IndexSchema Loaded schema default-config/1.6 with uniqueid field id
2022-04-09 13:07:44.097 INFO  (coreLoadExecutor-13-thread-1) [   x:tweets] o.a.s.c.CoreContainer Creating SolrCore 'tweets' using configuration from instancedir D:\Projects\IR Project\solr-8.11.1\server\solr\tweets, trusted=true
2022-04-09 13:07:44.116 INFO  (coreLoadExecutor-13-thread-1) [   x:tweets] o.a.s.m.r.SolrJmxReporter JMX monitoring for 'solr.core.tweets' (registry 'solr.core.tweets') enabled at server: com.sun.jmx.mbeanserver.JmxMBeanServer@539d019
2022-04-09 13:07:44.146 INFO  (coreLoadExecutor-13-thread-1) [   x:tweets] o.a.s.c.SolrCore [[tweets] ] Opening new SolrCore at [D:\Projects\IR Project\solr-8.11.1\server\solr\tweets], dataDir=[D:\Projects\IR Project\solr-8.11.1\server\solr\tweets\data\]
2022-04-09 13:07:45.796 INFO  (coreLoadExecutor-13-thread-1) [   x:tweets] o.a.s.u.UpdateHandler Using UpdateLog implementation: org.apache.solr.update.UpdateLog
2022-04-09 13:07:45.797 INFO  (coreLoadExecutor-13-thread-1) [   x:tweets] o.a.s.u.UpdateLog Initializing UpdateLog: dataDir= defaultSyncLevel=FLUSH numRecordsToKeep=100 maxNumLogsToKeep=10 numVersionBuckets=65536
2022-04-09 13:07:45.988 INFO  (coreLoadExecutor-13-thread-1) [   x:tweets] o.a.s.u.CommitTracker Hard AutoCommit: if uncommitted for 15000ms; 
2022-04-09 13:07:45.988 INFO  (coreLoadExecutor-13-thread-1) [   x:tweets] o.a.s.u.CommitTracker Soft AutoCommit: disabled
2022-04-09 13:07:48.031 INFO  (coreLoadExecutor-13-thread-1) [   x:tweets] o.a.s.r.ManagedResourceStorage File-based storage initialized to use dir: D:\Projects\IR Project\solr-8.11.1\server\solr\tweets\conf
2022-04-09 13:07:48.084 INFO  (coreLoadExecutor-13-thread-1) [   x:tweets] o.a.s.h.c.SuggestComponent Initializing SuggestComponent
2022-04-09 13:07:48.100 INFO  (coreLoadExecutor-13-thread-1) [   x:tweets] o.a.s.s.s.SolrSuggester init: {name=mySuggester,lookupImpl=FuzzyLookupFactory,dictionaryImpl=DocumentDictionaryFactory,field=text,suggestAnalyzerFieldType=string,buildOnStartup=false}
2022-04-09 13:07:48.126 INFO  (coreLoadExecutor-13-thread-1) [   x:tweets] o.a.s.s.s.SolrSuggester Dictionary loaded with params: {name=mySuggester,lookupImpl=FuzzyLookupFactory,dictionaryImpl=DocumentDictionaryFactory,field=text,suggestAnalyzerFieldType=string,buildOnStartup=false}
2022-04-09 13:07:48.126 INFO  (coreLoadExecutor-13-thread-1) [   x:tweets] o.a.s.h.c.SpellCheckComponent Initializing spell checkers
2022-04-09 13:07:48.139 INFO  (coreLoadExecutor-13-thread-1) [   x:tweets] o.a.s.s.DirectSolrSpellChecker init: {name=default,field=text,classname=solr.DirectSolrSpellChecker,distanceMeasure=internal,accuracy=0.5,maxQueryFrequency=0.01,maxEdits=2,minPrefix=1,maxInspections=5,minQueryLength=4}
2022-04-09 13:07:48.167 INFO  (coreLoadExecutor-13-thread-1) [   x:tweets] o.a.s.h.ReplicationHandler Commits will be reserved for 10000 ms
2022-04-09 13:07:48.202 INFO  (searcherExecutor-15-thread-1-processing-x:tweets) [   x:tweets] o.a.s.c.QuerySenderListener QuerySenderListener done.
2022-04-09 13:07:48.202 INFO  (searcherExecutor-15-thread-1-processing-x:tweets) [   x:tweets] o.a.s.h.c.SpellCheckComponent Loading spell index for spellchecker: default
2022-04-09 13:07:48.219 INFO  (searcherExecutor-15-thread-1-processing-x:tweets) [   x:tweets] o.a.s.c.SolrCore [tweets]  Registered new searcher autowarm time: 0 ms
2022-04-09 13:07:50.884 INFO  (qtp2016828666-26) [   x:tweets] o.a.s.c.S.Request [tweets]  webapp=/solr path=/query params={facet.query=*:*&q=*:*&facet.field=text&indent=true&q.op=OR&facet=true} hits=14617 status=0 QTime=528
2022-04-09 13:08:17.548 INFO  (qtp2016828666-27) [   x:tweets] o.a.s.c.S.Request [tweets]  webapp=/solr path=/query params={facet.query=*:*&q=*:*&facet.field=text&indent=true&q.op=OR&facet=true} hits=14617 status=0 QTime=17
2022-04-09 13:08:21.843 INFO  (qtp2016828666-23) [   x:tweets] o.a.s.c.S.Request [tweets]  webapp=/solr path=/query params={facet.query=*:*&q=*:*&facet.field=text&indent=true&q.op=OR&facet=true} hits=14617 status=0 QTime=7
2022-04-09 13:08:35.268 INFO  (qtp2016828666-20) [   x:tweets] o.a.s.c.S.Request [tweets]  webapp=/solr path=/query params={facet.query=*:*&q=*:*&facet.field=text&indent=true&q.op=OR&facet=true} hits=14617 status=0 QTime=9
