2022-03-23 07:58:54.325 INFO  (main) [   ] o.e.j.u.log Logging initialized @1558ms to org.eclipse.jetty.util.log.Slf4jLog
2022-03-23 07:58:54.531 INFO  (main) [   ] o.e.j.s.Server jetty-9.4.44.v20210927; built: 2021-09-27T23:02:44.612Z; git: 8da83308eeca865e495e53ef315a249d63ba9332; jvm 11.0.11+9
2022-03-23 07:58:54.540 INFO  (main) [   ] o.e.j.d.p.ScanningAppProvider Deployment monitor [file:///D:/Projects/IR%20Project/solr-8.11.1/server/contexts/] at interval 0
2022-03-23 07:58:55.088 INFO  (main) [   ] o.e.j.w.StandardDescriptorProcessor NO JSP Support for /solr, did not find org.apache.jasper.servlet.JspServlet
2022-03-23 07:58:55.097 INFO  (main) [   ] o.e.j.s.session DefaultSessionIdManager workerName=node0
2022-03-23 07:58:55.097 INFO  (main) [   ] o.e.j.s.session No SessionScavenger set, using defaults
2022-03-23 07:58:55.116 INFO  (main) [   ] o.e.j.s.session node0 Scavenging every 660000ms
2022-03-23 07:58:55.169 INFO  (main) [   ] o.a.s.s.SolrDispatchFilter Using logger factory org.apache.logging.slf4j.Log4jLoggerFactory
2022-03-23 07:58:55.172 INFO  (main) [   ] o.a.s.s.SolrDispatchFilter  ___      _       Welcome to Apache Solr™ version 8.11.1
2022-03-23 07:58:55.173 INFO  (main) [   ] o.a.s.s.SolrDispatchFilter / __| ___| |_ _   Starting in cloud mode on port 7574
2022-03-23 07:58:55.173 INFO  (main) [   ] o.a.s.s.SolrDispatchFilter \__ \/ _ \ | '_|  Install dir: D:\Projects\IR Project\solr-8.11.1
2022-03-23 07:58:55.173 INFO  (main) [   ] o.a.s.s.SolrDispatchFilter |___/\___/_|_|    Start time: 2022-03-23T07:58:55.173359800Z
2022-03-23 07:58:55.196 INFO  (main) [   ] o.a.s.c.SolrPaths Using system property solr.solr.home: D:\Projects\IR Project\solr-8.11.1\example\cloud\node2\solr
2022-03-23 07:58:55.238 INFO  (main) [   ] o.a.s.c.c.ConnectionManager Waiting for client to connect to ZooKeeper
2022-03-23 07:58:55.294 INFO  (zkConnectionManagerCallback-2-thread-1) [   ] o.a.s.c.c.ConnectionManager zkClient has connected
2022-03-23 07:58:55.295 INFO  (main) [   ] o.a.s.c.c.ConnectionManager Client is connected to ZooKeeper
2022-03-23 07:58:55.448 INFO  (main) [   ] o.a.s.s.SolrDispatchFilter Loading solr.xml from SolrHome (not found in ZooKeeper)
2022-03-23 07:58:55.449 INFO  (main) [   ] o.a.s.c.SolrXmlConfig Loading container configuration from D:\Projects\IR Project\solr-8.11.1\example\cloud\node2\solr\solr.xml
2022-03-23 07:58:55.502 INFO  (main) [   ] o.a.s.c.SolrXmlConfig MBean server found: com.sun.jmx.mbeanserver.JmxMBeanServer@76a2ddf3, but no JMX reporters were configured - adding default JMX reporter.
2022-03-23 07:58:55.973 INFO  (main) [   ] o.a.s.h.c.HttpShardHandlerFactory Host whitelist initialized: WhitelistHostChecker [whitelistHosts=null, whitelistHostCheckingEnabled=true]
2022-03-23 07:58:56.129 WARN  (main) [   ] o.e.j.u.s.S.config Trusting all certificates configured for Client@49faf066[provider=null,keyStore=null,trustStore=null]
2022-03-23 07:58:56.129 WARN  (main) [   ] o.e.j.u.s.S.config No Client EndPointIdentificationAlgorithm configured for Client@49faf066[provider=null,keyStore=null,trustStore=null]
2022-03-23 07:58:56.265 WARN  (main) [   ] o.e.j.u.s.S.config Trusting all certificates configured for Client@4e682398[provider=null,keyStore=null,trustStore=null]
2022-03-23 07:58:56.265 WARN  (main) [   ] o.e.j.u.s.S.config No Client EndPointIdentificationAlgorithm configured for Client@4e682398[provider=null,keyStore=null,trustStore=null]
2022-03-23 07:58:56.294 INFO  (main) [   ] o.a.s.c.ZkContainer Zookeeper client=localhost:9983
2022-03-23 07:58:56.307 INFO  (main) [   ] o.a.s.c.c.ConnectionManager Waiting for client to connect to ZooKeeper
2022-03-23 07:58:56.372 INFO  (zkConnectionManagerCallback-13-thread-1) [   ] o.a.s.c.c.ConnectionManager zkClient has connected
2022-03-23 07:58:56.372 INFO  (main) [   ] o.a.s.c.c.ConnectionManager Client is connected to ZooKeeper
2022-03-23 07:58:56.401 WARN  (main) [   ] o.a.s.c.ZkController Contents of zookeeper /security.json are world-readable; consider setting up ACLs as described in https://solr.apache.org/guide/zookeeper-access-control.html
2022-03-23 07:58:56.412 INFO  (main) [   ] o.a.s.c.c.ZkStateReader Updated live nodes from ZooKeeper... (0) -> (1)
2022-03-23 07:58:56.471 INFO  (main) [   ] o.a.s.c.ZkController Publish node=172.20.33.182:7574_solr as DOWN
2022-03-23 07:58:56.511 INFO  (main) [   ] o.a.s.c.TransientSolrCoreCacheDefault Allocating transient core cache for max 2147483647 cores with initial capacity of 1024
2022-03-23 07:58:56.570 INFO  (main) [   ] o.a.s.c.ZkController Register node as live in ZooKeeper:/live_nodes/172.20.33.182:7574_solr
2022-03-23 07:58:56.618 INFO  (zkCallback-12-thread-1) [   ] o.a.s.c.c.ZkStateReader Updated live nodes from ZooKeeper... (1) -> (2)
2022-03-23 07:58:56.661 INFO  (main) [   ] o.a.s.p.PackageLoader /packages.json updated to version -1
2022-03-23 07:58:56.671 WARN  (main) [   ] o.a.s.c.CoreContainer Not all security plugins configured!  authentication=disabled authorization=disabled.  Solr is only as secure as you make it. Consider configuring authentication/authorization before exposing Solr to users internal or external.  See https://s.apache.org/solrsecurity for more info
2022-03-23 07:58:56.946 INFO  (main) [   ] o.a.s.h.a.MetricsHistoryHandler No .system collection, keeping metrics history in memory.
2022-03-23 07:58:57.028 INFO  (main) [   ] o.a.s.m.r.SolrJmxReporter JMX monitoring for 'solr.node' (registry 'solr.node') enabled at server: com.sun.jmx.mbeanserver.JmxMBeanServer@76a2ddf3
2022-03-23 07:58:57.029 INFO  (main) [   ] o.a.s.m.r.SolrJmxReporter JMX monitoring for 'solr.jvm' (registry 'solr.jvm') enabled at server: com.sun.jmx.mbeanserver.JmxMBeanServer@76a2ddf3
2022-03-23 07:58:57.030 INFO  (main) [   ] o.a.s.m.r.SolrJmxReporter JMX monitoring for 'solr.jetty' (registry 'solr.jetty') enabled at server: com.sun.jmx.mbeanserver.JmxMBeanServer@76a2ddf3
2022-03-23 07:58:57.063 INFO  (main) [   ] o.a.s.c.CorePropertiesLocator Found 0 core definitions underneath D:\Projects\IR Project\solr-8.11.1\example\cloud\node2\solr
2022-03-23 07:58:57.334 INFO  (main) [   ] o.e.j.s.h.ContextHandler Started o.e.j.w.WebAppContext@df5f5c0{/solr,file:///D:/Projects/IR%20Project/solr-8.11.1/server/solr-webapp/webapp/,AVAILABLE}{D:\Projects\IR Project\solr-8.11.1\server/solr-webapp/webapp}
2022-03-23 07:58:57.345 INFO  (main) [   ] o.e.j.s.AbstractConnector Started ServerConnector@3bd7f8dc{HTTP/1.1, (http/1.1, h2c)}{0.0.0.0:7574}
2022-03-23 07:58:57.346 INFO  (main) [   ] o.e.j.s.Server Started @4582ms
2022-03-23 07:58:57.581 INFO  (qtp179294202-25) [   ] o.a.s.s.HttpSolrCall [admin] webapp=null path=/admin/info/system params={wt=json} status=0 QTime=69
2022-03-23 07:58:57.642 INFO  (qtp179294202-19) [   ] o.a.s.s.HttpSolrCall [admin] webapp=null path=/admin/collections params={action=CLUSTERSTATUS&wt=json} status=0 QTime=3
2022-03-23 07:58:57.691 INFO  (qtp179294202-20) [   ] o.a.s.s.HttpSolrCall [admin] webapp=null path=/admin/info/system params={wt=json} status=0 QTime=37
2022-03-23 07:58:57.698 INFO  (qtp179294202-24) [   ] o.a.s.s.HttpSolrCall [admin] webapp=null path=/admin/collections params={action=CLUSTERSTATUS&wt=json} status=0 QTime=2
2022-03-23 08:02:27.857 INFO  (qtp179294202-18) [   x:tweets_shard1_replica_n1] o.a.s.h.a.CoreAdminOperation core create command qt=/admin/cores&coreNodeName=core_node3&collection.configName=tweets&newCollection=true&name=tweets_shard1_replica_n1&action=CREATE&numShards=2&collection=tweets&shard=shard1&wt=javabin&version=2&replicaType=NRT
2022-03-23 08:02:27.860 INFO  (qtp179294202-27) [   x:tweets_shard2_replica_n4] o.a.s.h.a.CoreAdminOperation core create command qt=/admin/cores&coreNodeName=core_node7&collection.configName=tweets&newCollection=true&name=tweets_shard2_replica_n4&action=CREATE&numShards=2&collection=tweets&shard=shard2&wt=javabin&version=2&replicaType=NRT
2022-03-23 08:02:28.098 INFO  (qtp179294202-18) [c:tweets s:shard1 r:core_node3 x:tweets_shard1_replica_n1] o.a.s.c.RequestParams conf resource params.json loaded . version : 0 
2022-03-23 08:02:28.098 INFO  (qtp179294202-27) [c:tweets s:shard2 r:core_node7 x:tweets_shard2_replica_n4] o.a.s.c.RequestParams conf resource params.json loaded . version : 0 
2022-03-23 08:02:28.099 INFO  (qtp179294202-27) [c:tweets s:shard2 r:core_node7 x:tweets_shard2_replica_n4] o.a.s.c.RequestParams request params refreshed to version 0
2022-03-23 08:02:28.099 INFO  (qtp179294202-18) [c:tweets s:shard1 r:core_node3 x:tweets_shard1_replica_n1] o.a.s.c.RequestParams request params refreshed to version 0
2022-03-23 08:02:28.289 INFO  (qtp179294202-18) [c:tweets s:shard1 r:core_node3 x:tweets_shard1_replica_n1] o.a.s.c.SolrResourceLoader Added 57 libs to classloader, from paths: [/D:/Projects/IR%20Project/solr-8.11.1/contrib/extraction/lib, /D:/Projects/IR%20Project/solr-8.11.1/contrib/langid/lib, /D:/Projects/IR%20Project/solr-8.11.1/contrib/velocity/lib, /D:/Projects/IR%20Project/solr-8.11.1/dist]
2022-03-23 08:02:28.289 INFO  (qtp179294202-27) [c:tweets s:shard2 r:core_node7 x:tweets_shard2_replica_n4] o.a.s.c.SolrResourceLoader Added 57 libs to classloader, from paths: [/D:/Projects/IR%20Project/solr-8.11.1/contrib/extraction/lib, /D:/Projects/IR%20Project/solr-8.11.1/contrib/langid/lib, /D:/Projects/IR%20Project/solr-8.11.1/contrib/velocity/lib, /D:/Projects/IR%20Project/solr-8.11.1/dist]
2022-03-23 08:02:30.703 INFO  (qtp179294202-18) [c:tweets s:shard1 r:core_node3 x:tweets_shard1_replica_n1] o.a.s.c.SolrConfig Using Lucene MatchVersion: 8.11.1
2022-03-23 08:02:30.703 INFO  (qtp179294202-27) [c:tweets s:shard2 r:core_node7 x:tweets_shard2_replica_n4] o.a.s.c.SolrConfig Using Lucene MatchVersion: 8.11.1
2022-03-23 08:02:30.734 INFO  (qtp179294202-27) [c:tweets s:shard2 r:core_node7 x:tweets_shard2_replica_n4] o.a.s.u.SolrIndexConfig IndexWriter infoStream solr logging is enabled
2022-03-23 08:02:30.734 INFO  (qtp179294202-18) [c:tweets s:shard1 r:core_node3 x:tweets_shard1_replica_n1] o.a.s.u.SolrIndexConfig IndexWriter infoStream solr logging is enabled
2022-03-23 08:02:30.767 WARN  (qtp179294202-27) [c:tweets s:shard2 r:core_node7 x:tweets_shard2_replica_n4] o.a.s.c.SolrConfig solrconfig.xml: <jmx> is no longer supported, use solr.xml:/metrics/reporter section instead
2022-03-23 08:02:30.767 WARN  (qtp179294202-18) [c:tweets s:shard1 r:core_node3 x:tweets_shard1_replica_n1] o.a.s.c.SolrConfig solrconfig.xml: <jmx> is no longer supported, use solr.xml:/metrics/reporter section instead
2022-03-23 08:02:30.828 INFO  (qtp179294202-27) [c:tweets s:shard2 r:core_node7 x:tweets_shard2_replica_n4] o.a.s.s.IndexSchema Schema name=example
2022-03-23 08:02:30.861 INFO  (qtp179294202-18) [c:tweets s:shard1 r:core_node3 x:tweets_shard1_replica_n1] o.a.s.s.IndexSchema Schema name=example
2022-03-23 08:02:31.884 INFO  (qtp179294202-27) [c:tweets s:shard2 r:core_node7 x:tweets_shard2_replica_n4] o.a.s.r.RestManager Registered ManagedResource impl org.apache.solr.rest.schema.analysis.ManagedWordSetResource for path /schema/analysis/stopwords/english
2022-03-23 08:02:31.885 INFO  (qtp179294202-27) [c:tweets s:shard2 r:core_node7 x:tweets_shard2_replica_n4] o.a.s.r.RestManager Registered ManagedResource impl org.apache.solr.rest.schema.analysis.ManagedSynonymGraphFilterFactory$SynonymManager for path /schema/analysis/synonyms/english
2022-03-23 08:02:31.885 INFO  (qtp179294202-27) [c:tweets s:shard2 r:core_node7 x:tweets_shard2_replica_n4] o.a.s.r.RestManager Added observer of type org.apache.solr.rest.schema.analysis.ManagedStopFilterFactory to existing ManagedResource /schema/analysis/stopwords/english
2022-03-23 08:02:31.885 INFO  (qtp179294202-27) [c:tweets s:shard2 r:core_node7 x:tweets_shard2_replica_n4] o.a.s.r.RestManager Added observer of type org.apache.solr.rest.schema.analysis.ManagedSynonymGraphFilterFactory to existing ManagedResource /schema/analysis/synonyms/english
2022-03-23 08:02:31.906 INFO  (qtp179294202-18) [c:tweets s:shard1 r:core_node3 x:tweets_shard1_replica_n1] o.a.s.r.RestManager Registered ManagedResource impl org.apache.solr.rest.schema.analysis.ManagedWordSetResource for path /schema/analysis/stopwords/english
2022-03-23 08:02:31.906 INFO  (qtp179294202-18) [c:tweets s:shard1 r:core_node3 x:tweets_shard1_replica_n1] o.a.s.r.RestManager Registered ManagedResource impl org.apache.solr.rest.schema.analysis.ManagedSynonymGraphFilterFactory$SynonymManager for path /schema/analysis/synonyms/english
2022-03-23 08:02:31.906 INFO  (qtp179294202-18) [c:tweets s:shard1 r:core_node3 x:tweets_shard1_replica_n1] o.a.s.r.RestManager Added observer of type org.apache.solr.rest.schema.analysis.ManagedStopFilterFactory to existing ManagedResource /schema/analysis/stopwords/english
2022-03-23 08:02:31.906 INFO  (qtp179294202-18) [c:tweets s:shard1 r:core_node3 x:tweets_shard1_replica_n1] o.a.s.r.RestManager Added observer of type org.apache.solr.rest.schema.analysis.ManagedSynonymGraphFilterFactory to existing ManagedResource /schema/analysis/synonyms/english
2022-03-23 08:02:31.920 INFO  (qtp179294202-27) [c:tweets s:shard2 r:core_node7 x:tweets_shard2_replica_n4] o.a.s.s.IndexSchema Loaded schema example/1.6 with uniqueid field id
2022-03-23 08:02:31.920 INFO  (qtp179294202-27) [c:tweets s:shard2 r:core_node7 x:tweets_shard2_replica_n4] o.a.s.r.RestManager Added observer of type org.apache.solr.rest.schema.analysis.ManagedStopFilterFactory to existing ManagedResource /schema/analysis/stopwords/english
2022-03-23 08:02:31.920 INFO  (qtp179294202-27) [c:tweets s:shard2 r:core_node7 x:tweets_shard2_replica_n4] o.a.s.r.RestManager Added observer of type org.apache.solr.rest.schema.analysis.ManagedSynonymGraphFilterFactory to existing ManagedResource /schema/analysis/synonyms/english
2022-03-23 08:02:31.920 INFO  (qtp179294202-27) [c:tweets s:shard2 r:core_node7 x:tweets_shard2_replica_n4] o.a.s.r.RestManager Added observer of type org.apache.solr.rest.schema.analysis.ManagedStopFilterFactory to existing ManagedResource /schema/analysis/stopwords/english
2022-03-23 08:02:31.920 INFO  (qtp179294202-27) [c:tweets s:shard2 r:core_node7 x:tweets_shard2_replica_n4] o.a.s.r.RestManager Added observer of type org.apache.solr.rest.schema.analysis.ManagedSynonymGraphFilterFactory to existing ManagedResource /schema/analysis/synonyms/english
2022-03-23 08:02:31.940 INFO  (qtp179294202-18) [c:tweets s:shard1 r:core_node3 x:tweets_shard1_replica_n1] o.a.s.s.IndexSchema Loaded schema example/1.6 with uniqueid field id
2022-03-23 08:02:31.940 INFO  (qtp179294202-18) [c:tweets s:shard1 r:core_node3 x:tweets_shard1_replica_n1] o.a.s.r.RestManager Added observer of type org.apache.solr.rest.schema.analysis.ManagedStopFilterFactory to existing ManagedResource /schema/analysis/stopwords/english
2022-03-23 08:02:31.940 INFO  (qtp179294202-18) [c:tweets s:shard1 r:core_node3 x:tweets_shard1_replica_n1] o.a.s.r.RestManager Added observer of type org.apache.solr.rest.schema.analysis.ManagedSynonymGraphFilterFactory to existing ManagedResource /schema/analysis/synonyms/english
2022-03-23 08:02:31.940 INFO  (qtp179294202-18) [c:tweets s:shard1 r:core_node3 x:tweets_shard1_replica_n1] o.a.s.r.RestManager Added observer of type org.apache.solr.rest.schema.analysis.ManagedStopFilterFactory to existing ManagedResource /schema/analysis/stopwords/english
2022-03-23 08:02:31.940 INFO  (qtp179294202-18) [c:tweets s:shard1 r:core_node3 x:tweets_shard1_replica_n1] o.a.s.r.RestManager Added observer of type org.apache.solr.rest.schema.analysis.ManagedSynonymGraphFilterFactory to existing ManagedResource /schema/analysis/synonyms/english
2022-03-23 08:02:32.274 INFO  (qtp179294202-27) [c:tweets s:shard2 r:core_node7 x:tweets_shard2_replica_n4] o.a.s.c.CoreContainer Creating SolrCore 'tweets_shard2_replica_n4' using configuration from configset tweets, trusted=true
2022-03-23 08:02:32.305 INFO  (qtp179294202-27) [c:tweets s:shard2 r:core_node7 x:tweets_shard2_replica_n4] o.a.s.m.r.SolrJmxReporter JMX monitoring for 'solr.core.tweets.shard2.replica_n4' (registry 'solr.core.tweets.shard2.replica_n4') enabled at server: com.sun.jmx.mbeanserver.JmxMBeanServer@76a2ddf3
2022-03-23 08:02:32.311 INFO  (qtp179294202-18) [c:tweets s:shard1 r:core_node3 x:tweets_shard1_replica_n1] o.a.s.c.CoreContainer Creating SolrCore 'tweets_shard1_replica_n1' using configuration from configset tweets, trusted=true
2022-03-23 08:02:32.312 INFO  (qtp179294202-18) [c:tweets s:shard1 r:core_node3 x:tweets_shard1_replica_n1] o.a.s.m.r.SolrJmxReporter JMX monitoring for 'solr.core.tweets.shard1.replica_n1' (registry 'solr.core.tweets.shard1.replica_n1') enabled at server: com.sun.jmx.mbeanserver.JmxMBeanServer@76a2ddf3
2022-03-23 08:02:32.360 INFO  (qtp179294202-27) [c:tweets s:shard2 r:core_node7 x:tweets_shard2_replica_n4] o.a.s.c.SolrCore [[tweets_shard2_replica_n4] ] Opening new SolrCore at [D:\Projects\IR Project\solr-8.11.1\example\cloud\node2\solr\tweets_shard2_replica_n4], dataDir=[D:\Projects\IR Project\solr-8.11.1\example\cloud\node2\solr\tweets_shard2_replica_n4\data\]
2022-03-23 08:02:32.363 INFO  (qtp179294202-18) [c:tweets s:shard1 r:core_node3 x:tweets_shard1_replica_n1] o.a.s.c.SolrCore [[tweets_shard1_replica_n1] ] Opening new SolrCore at [D:\Projects\IR Project\solr-8.11.1\example\cloud\node2\solr\tweets_shard1_replica_n1], dataDir=[D:\Projects\IR Project\solr-8.11.1\example\cloud\node2\solr\tweets_shard1_replica_n1\data\]
2022-03-23 08:02:32.628 INFO  (qtp179294202-27) [c:tweets s:shard2 r:core_node7 x:tweets_shard2_replica_n4] o.a.s.r.XSLTResponseWriter xsltCacheLifetimeSeconds=5
2022-03-23 08:02:32.628 INFO  (qtp179294202-18) [c:tweets s:shard1 r:core_node3 x:tweets_shard1_replica_n1] o.a.s.r.XSLTResponseWriter xsltCacheLifetimeSeconds=5
2022-03-23 08:02:33.521 INFO  (qtp179294202-27) [c:tweets s:shard2 r:core_node7 x:tweets_shard2_replica_n4] o.a.s.u.UpdateHandler Using UpdateLog implementation: org.apache.solr.update.UpdateLog
2022-03-23 08:02:33.521 INFO  (qtp179294202-18) [c:tweets s:shard1 r:core_node3 x:tweets_shard1_replica_n1] o.a.s.u.UpdateHandler Using UpdateLog implementation: org.apache.solr.update.UpdateLog
2022-03-23 08:02:33.521 INFO  (qtp179294202-18) [c:tweets s:shard1 r:core_node3 x:tweets_shard1_replica_n1] o.a.s.u.UpdateLog Initializing UpdateLog: dataDir= defaultSyncLevel=FLUSH numRecordsToKeep=100 maxNumLogsToKeep=10 numVersionBuckets=65536
2022-03-23 08:02:33.521 INFO  (qtp179294202-27) [c:tweets s:shard2 r:core_node7 x:tweets_shard2_replica_n4] o.a.s.u.UpdateLog Initializing UpdateLog: dataDir= defaultSyncLevel=FLUSH numRecordsToKeep=100 maxNumLogsToKeep=10 numVersionBuckets=65536
2022-03-23 08:02:33.553 INFO  (qtp179294202-27) [c:tweets s:shard2 r:core_node7 x:tweets_shard2_replica_n4] o.a.s.u.CommitTracker Hard AutoCommit: if uncommitted for 15000ms; 
2022-03-23 08:02:33.553 INFO  (qtp179294202-18) [c:tweets s:shard1 r:core_node3 x:tweets_shard1_replica_n1] o.a.s.u.CommitTracker Hard AutoCommit: if uncommitted for 15000ms; 
2022-03-23 08:02:33.553 INFO  (qtp179294202-27) [c:tweets s:shard2 r:core_node7 x:tweets_shard2_replica_n4] o.a.s.u.CommitTracker Soft AutoCommit: disabled
2022-03-23 08:02:33.553 INFO  (qtp179294202-18) [c:tweets s:shard1 r:core_node3 x:tweets_shard1_replica_n1] o.a.s.u.CommitTracker Soft AutoCommit: disabled
2022-03-23 08:02:33.694 INFO  (qtp179294202-27) [c:tweets s:shard2 r:core_node7 x:tweets_shard2_replica_n4] o.a.s.r.ManagedResourceStorage Configured ZooKeeperStorageIO with znodeBase: /configs/tweets
2022-03-23 08:02:33.702 INFO  (qtp179294202-18) [c:tweets s:shard1 r:core_node3 x:tweets_shard1_replica_n1] o.a.s.r.ManagedResourceStorage Configured ZooKeeperStorageIO with znodeBase: /configs/tweets
2022-03-23 08:02:33.706 INFO  (qtp179294202-27) [c:tweets s:shard2 r:core_node7 x:tweets_shard2_replica_n4] o.a.s.r.ManagedResourceStorage Loaded LinkedHashMap at path _rest_managed.json using ZooKeeperStorageIO:path=/configs/tweets
2022-03-23 08:02:33.706 INFO  (qtp179294202-27) [c:tweets s:shard2 r:core_node7 x:tweets_shard2_replica_n4] o.a.s.r.ManagedResource Loaded initArgs {} for /rest/managed
2022-03-23 08:02:33.713 INFO  (qtp179294202-18) [c:tweets s:shard1 r:core_node3 x:tweets_shard1_replica_n1] o.a.s.r.ManagedResourceStorage Loaded LinkedHashMap at path _rest_managed.json using ZooKeeperStorageIO:path=/configs/tweets
2022-03-23 08:02:33.713 INFO  (qtp179294202-18) [c:tweets s:shard1 r:core_node3 x:tweets_shard1_replica_n1] o.a.s.r.ManagedResource Loaded initArgs {} for /rest/managed
2022-03-23 08:02:33.717 INFO  (qtp179294202-27) [c:tweets s:shard2 r:core_node7 x:tweets_shard2_replica_n4] o.a.s.r.ManagedResourceStorage Loaded LinkedHashMap at path _schema_analysis_stopwords_english.json using ZooKeeperStorageIO:path=/configs/tweets
2022-03-23 08:02:33.717 INFO  (qtp179294202-27) [c:tweets s:shard2 r:core_node7 x:tweets_shard2_replica_n4] o.a.s.r.ManagedResource Loaded initArgs {ignoreCase=true} for /schema/analysis/stopwords/english
2022-03-23 08:02:33.718 INFO  (qtp179294202-27) [c:tweets s:shard2 r:core_node7 x:tweets_shard2_replica_n4] o.a.s.r.s.a.ManagedWordSetResource Loaded 35 words for /schema/analysis/stopwords/english
2022-03-23 08:02:33.718 INFO  (qtp179294202-27) [c:tweets s:shard2 r:core_node7 x:tweets_shard2_replica_n4] o.a.s.r.ManagedResource Notified 2 observers of /schema/analysis/stopwords/english
2022-03-23 08:02:33.720 INFO  (qtp179294202-18) [c:tweets s:shard1 r:core_node3 x:tweets_shard1_replica_n1] o.a.s.r.ManagedResourceStorage Loaded LinkedHashMap at path _schema_analysis_stopwords_english.json using ZooKeeperStorageIO:path=/configs/tweets
2022-03-23 08:02:33.720 INFO  (qtp179294202-18) [c:tweets s:shard1 r:core_node3 x:tweets_shard1_replica_n1] o.a.s.r.ManagedResource Loaded initArgs {ignoreCase=true} for /schema/analysis/stopwords/english
2022-03-23 08:02:33.720 INFO  (qtp179294202-18) [c:tweets s:shard1 r:core_node3 x:tweets_shard1_replica_n1] o.a.s.r.s.a.ManagedWordSetResource Loaded 35 words for /schema/analysis/stopwords/english
2022-03-23 08:02:33.721 INFO  (qtp179294202-18) [c:tweets s:shard1 r:core_node3 x:tweets_shard1_replica_n1] o.a.s.r.ManagedResource Notified 2 observers of /schema/analysis/stopwords/english
2022-03-23 08:02:33.728 INFO  (qtp179294202-27) [c:tweets s:shard2 r:core_node7 x:tweets_shard2_replica_n4] o.a.s.r.ManagedResourceStorage Loaded LinkedHashMap at path _schema_analysis_synonyms_english.json using ZooKeeperStorageIO:path=/configs/tweets
2022-03-23 08:02:33.728 INFO  (qtp179294202-27) [c:tweets s:shard2 r:core_node7 x:tweets_shard2_replica_n4] o.a.s.r.ManagedResource Loaded initArgs {ignoreCase=true,format=solr} for /schema/analysis/synonyms/english
2022-03-23 08:02:33.731 INFO  (qtp179294202-27) [c:tweets s:shard2 r:core_node7 x:tweets_shard2_replica_n4] o.a.s.r.s.a.ManagedSynonymGraphFilterFactory Loaded 3 synonym mappings for /schema/analysis/synonyms/english
2022-03-23 08:02:33.734 INFO  (qtp179294202-27) [c:tweets s:shard2 r:core_node7 x:tweets_shard2_replica_n4] o.a.s.r.ManagedResource Notified 2 observers of /schema/analysis/synonyms/english
2022-03-23 08:02:33.737 INFO  (qtp179294202-27) [c:tweets s:shard2 r:core_node7 x:tweets_shard2_replica_n4] o.a.s.s.ZkIndexSchemaReader Creating ZooKeeper watch for the managed schema at /configs/tweets/managed-schema
2022-03-23 08:02:33.738 INFO  (qtp179294202-18) [c:tweets s:shard1 r:core_node3 x:tweets_shard1_replica_n1] o.a.s.r.ManagedResourceStorage Loaded LinkedHashMap at path _schema_analysis_synonyms_english.json using ZooKeeperStorageIO:path=/configs/tweets
2022-03-23 08:02:33.738 INFO  (qtp179294202-18) [c:tweets s:shard1 r:core_node3 x:tweets_shard1_replica_n1] o.a.s.r.ManagedResource Loaded initArgs {ignoreCase=true,format=solr} for /schema/analysis/synonyms/english
2022-03-23 08:02:33.738 INFO  (qtp179294202-18) [c:tweets s:shard1 r:core_node3 x:tweets_shard1_replica_n1] o.a.s.r.s.a.ManagedSynonymGraphFilterFactory Loaded 3 synonym mappings for /schema/analysis/synonyms/english
2022-03-23 08:02:33.739 INFO  (qtp179294202-18) [c:tweets s:shard1 r:core_node3 x:tweets_shard1_replica_n1] o.a.s.r.ManagedResource Notified 2 observers of /schema/analysis/synonyms/english
2022-03-23 08:02:33.739 INFO  (qtp179294202-18) [c:tweets s:shard1 r:core_node3 x:tweets_shard1_replica_n1] o.a.s.s.ZkIndexSchemaReader Creating ZooKeeper watch for the managed schema at /configs/tweets/managed-schema
2022-03-23 08:02:33.742 INFO  (qtp179294202-27) [c:tweets s:shard2 r:core_node7 x:tweets_shard2_replica_n4] o.a.s.s.ZkIndexSchemaReader Current schema version 0 is already the latest
2022-03-23 08:02:33.743 INFO  (qtp179294202-18) [c:tweets s:shard1 r:core_node3 x:tweets_shard1_replica_n1] o.a.s.s.ZkIndexSchemaReader Current schema version 0 is already the latest
2022-03-23 08:02:33.784 INFO  (qtp179294202-18) [c:tweets s:shard1 r:core_node3 x:tweets_shard1_replica_n1] o.a.s.h.c.SpellCheckComponent Initializing spell checkers
2022-03-23 08:02:33.784 INFO  (qtp179294202-27) [c:tweets s:shard2 r:core_node7 x:tweets_shard2_replica_n4] o.a.s.h.c.SpellCheckComponent Initializing spell checkers
2022-03-23 08:02:33.792 INFO  (qtp179294202-18) [c:tweets s:shard1 r:core_node3 x:tweets_shard1_replica_n1] o.a.s.s.DirectSolrSpellChecker init: {name=default,field=text,classname=solr.DirectSolrSpellChecker,distanceMeasure=internal,accuracy=0.5,maxQueryFrequency=0.01,maxEdits=2,minPrefix=1,maxInspections=5,minQueryLength=4}
2022-03-23 08:02:33.792 INFO  (qtp179294202-27) [c:tweets s:shard2 r:core_node7 x:tweets_shard2_replica_n4] o.a.s.s.DirectSolrSpellChecker init: {name=default,field=text,classname=solr.DirectSolrSpellChecker,distanceMeasure=internal,accuracy=0.5,maxQueryFrequency=0.01,maxEdits=2,minPrefix=1,maxInspections=5,minQueryLength=4}
2022-03-23 08:02:33.800 INFO  (qtp179294202-27) [c:tweets s:shard2 r:core_node7 x:tweets_shard2_replica_n4] o.a.s.h.c.SuggestComponent Initializing SuggestComponent
2022-03-23 08:02:33.800 INFO  (qtp179294202-18) [c:tweets s:shard1 r:core_node3 x:tweets_shard1_replica_n1] o.a.s.h.c.SuggestComponent Initializing SuggestComponent
2022-03-23 08:02:33.804 INFO  (qtp179294202-18) [c:tweets s:shard1 r:core_node3 x:tweets_shard1_replica_n1] o.a.s.s.s.SolrSuggester init: {name=mySuggester,lookupImpl=FuzzyLookupFactory,dictionaryImpl=DocumentDictionaryFactory,field=cat,weightField=price,suggestAnalyzerFieldType=string,buildOnStartup=false}
2022-03-23 08:02:33.804 INFO  (qtp179294202-27) [c:tweets s:shard2 r:core_node7 x:tweets_shard2_replica_n4] o.a.s.s.s.SolrSuggester init: {name=mySuggester,lookupImpl=FuzzyLookupFactory,dictionaryImpl=DocumentDictionaryFactory,field=cat,weightField=price,suggestAnalyzerFieldType=string,buildOnStartup=false}
2022-03-23 08:02:33.828 INFO  (qtp179294202-27) [c:tweets s:shard2 r:core_node7 x:tweets_shard2_replica_n4] o.a.s.s.s.SolrSuggester Dictionary loaded with params: {name=mySuggester,lookupImpl=FuzzyLookupFactory,dictionaryImpl=DocumentDictionaryFactory,field=cat,weightField=price,suggestAnalyzerFieldType=string,buildOnStartup=false}
2022-03-23 08:02:33.828 INFO  (qtp179294202-18) [c:tweets s:shard1 r:core_node3 x:tweets_shard1_replica_n1] o.a.s.s.s.SolrSuggester Dictionary loaded with params: {name=mySuggester,lookupImpl=FuzzyLookupFactory,dictionaryImpl=DocumentDictionaryFactory,field=cat,weightField=price,suggestAnalyzerFieldType=string,buildOnStartup=false}
2022-03-23 08:02:33.844 INFO  (qtp179294202-18) [c:tweets s:shard1 r:core_node3 x:tweets_shard1_replica_n1] o.a.s.h.ReplicationHandler Commits will be reserved for 10000 ms
2022-03-23 08:02:33.844 INFO  (qtp179294202-27) [c:tweets s:shard2 r:core_node7 x:tweets_shard2_replica_n4] o.a.s.h.ReplicationHandler Commits will be reserved for 10000 ms
2022-03-23 08:02:33.853 INFO  (qtp179294202-18) [c:tweets s:shard1 r:core_node3 x:tweets_shard1_replica_n1] o.a.s.u.UpdateLog Could not find max version in index or recent updates, using new clock 1728076897428963328
2022-03-23 08:02:33.853 INFO  (qtp179294202-27) [c:tweets s:shard2 r:core_node7 x:tweets_shard2_replica_n4] o.a.s.u.UpdateLog Could not find max version in index or recent updates, using new clock 1728076897428963328
2022-03-23 08:02:34.078 INFO  (searcherExecutor-23-thread-1-processing-n:172.20.33.182:7574_solr x:tweets_shard2_replica_n4 c:tweets s:shard2 r:core_node7) [c:tweets s:shard2 r:core_node7 x:tweets_shard2_replica_n4] o.a.s.c.S.Request [tweets_shard2_replica_n4]  webapp=null path=null params={q=static+firstSearcher+warming+in+solrconfig.xml&distrib=false&event=firstSearcher} hits=0 status=0 QTime=211
2022-03-23 08:02:34.078 INFO  (searcherExecutor-25-thread-1-processing-n:172.20.33.182:7574_solr x:tweets_shard1_replica_n1 c:tweets s:shard1 r:core_node3) [c:tweets s:shard1 r:core_node3 x:tweets_shard1_replica_n1] o.a.s.c.S.Request [tweets_shard1_replica_n1]  webapp=null path=null params={q=static+firstSearcher+warming+in+solrconfig.xml&distrib=false&event=firstSearcher} hits=0 status=0 QTime=213
2022-03-23 08:02:34.079 INFO  (searcherExecutor-23-thread-1-processing-n:172.20.33.182:7574_solr x:tweets_shard2_replica_n4 c:tweets s:shard2 r:core_node7) [c:tweets s:shard2 r:core_node7 x:tweets_shard2_replica_n4] o.a.s.c.QuerySenderListener QuerySenderListener done.
2022-03-23 08:02:34.079 INFO  (searcherExecutor-23-thread-1-processing-n:172.20.33.182:7574_solr x:tweets_shard2_replica_n4 c:tweets s:shard2 r:core_node7) [c:tweets s:shard2 r:core_node7 x:tweets_shard2_replica_n4] o.a.s.h.c.SpellCheckComponent Loading spell index for spellchecker: default
2022-03-23 08:02:34.079 INFO  (searcherExecutor-23-thread-1-processing-n:172.20.33.182:7574_solr x:tweets_shard2_replica_n4 c:tweets s:shard2 r:core_node7) [c:tweets s:shard2 r:core_node7 x:tweets_shard2_replica_n4] o.a.s.h.c.SpellCheckComponent Loading spell index for spellchecker: wordbreak
2022-03-23 08:02:34.080 INFO  (searcherExecutor-25-thread-1-processing-n:172.20.33.182:7574_solr x:tweets_shard1_replica_n1 c:tweets s:shard1 r:core_node3) [c:tweets s:shard1 r:core_node3 x:tweets_shard1_replica_n1] o.a.s.c.QuerySenderListener QuerySenderListener done.
2022-03-23 08:02:34.080 INFO  (searcherExecutor-25-thread-1-processing-n:172.20.33.182:7574_solr x:tweets_shard1_replica_n1 c:tweets s:shard1 r:core_node3) [c:tweets s:shard1 r:core_node3 x:tweets_shard1_replica_n1] o.a.s.h.c.SpellCheckComponent Loading spell index for spellchecker: default
2022-03-23 08:02:34.080 INFO  (searcherExecutor-25-thread-1-processing-n:172.20.33.182:7574_solr x:tweets_shard1_replica_n1 c:tweets s:shard1 r:core_node3) [c:tweets s:shard1 r:core_node3 x:tweets_shard1_replica_n1] o.a.s.h.c.SpellCheckComponent Loading spell index for spellchecker: wordbreak
2022-03-23 08:02:34.100 INFO  (searcherExecutor-25-thread-1-processing-n:172.20.33.182:7574_solr x:tweets_shard1_replica_n1 c:tweets s:shard1 r:core_node3) [c:tweets s:shard1 r:core_node3 x:tweets_shard1_replica_n1] o.a.s.c.SolrCore [tweets_shard1_replica_n1]  Registered new searcher autowarm time: 0 ms
2022-03-23 08:02:34.103 INFO  (searcherExecutor-23-thread-1-processing-n:172.20.33.182:7574_solr x:tweets_shard2_replica_n4 c:tweets s:shard2 r:core_node7) [c:tweets s:shard2 r:core_node7 x:tweets_shard2_replica_n4] o.a.s.c.SolrCore [tweets_shard2_replica_n4]  Registered new searcher autowarm time: 0 ms
2022-03-23 08:02:34.158 INFO  (qtp179294202-27) [c:tweets s:shard2 r:core_node7 x:tweets_shard2_replica_n4] o.a.s.c.ZkShardTerms Failed to save terms, version is not a match, retrying
2022-03-23 08:02:34.257 INFO  (qtp179294202-27) [c:tweets s:shard2 r:core_node7 x:tweets_shard2_replica_n4] o.a.s.c.ZkShardTerms Successful update of terms at /collections/tweets/terms/shard2 to Terms{values={core_node7=0, core_node8=0}, version=1}
2022-03-23 08:02:34.553 INFO  (qtp179294202-18) [c:tweets s:shard1 r:core_node3 x:tweets_shard1_replica_n1] o.a.s.c.ZkShardTerms Successful update of terms at /collections/tweets/terms/shard1 to Terms{values={core_node3=0, core_node5=0}, version=1}
2022-03-23 08:02:34.559 INFO  (qtp179294202-27) [c:tweets s:shard2 r:core_node7 x:tweets_shard2_replica_n4] o.a.s.c.ShardLeaderElectionContextBase make sure parent is created /collections/tweets/leaders/shard2
2022-03-23 08:02:34.559 INFO  (qtp179294202-18) [c:tweets s:shard1 r:core_node3 x:tweets_shard1_replica_n1] o.a.s.c.ShardLeaderElectionContextBase make sure parent is created /collections/tweets/leaders/shard1
2022-03-23 08:02:34.801 INFO  (qtp179294202-26) [c:tweets s:shard2 r:core_node7 x:tweets_shard2_replica_n4] o.a.s.c.S.Request [tweets_shard2_replica_n4]  webapp=/solr path=/get params={distrib=false&qt=/get&fingerprint=false&getVersions=100&wt=javabin&version=2} status=0 QTime=19
2022-03-23 08:02:34.805 INFO  (qtp179294202-25) [c:tweets s:shard1 r:core_node3 x:tweets_shard1_replica_n1] o.a.s.c.S.Request [tweets_shard1_replica_n1]  webapp=/solr path=/get params={distrib=false&qt=/get&fingerprint=false&getVersions=100&wt=javabin&version=2} status=0 QTime=0
2022-03-23 08:02:35.816 INFO  (qtp179294202-18) [   ] o.a.s.s.HttpSolrCall [admin] webapp=null path=/admin/cores params={qt=/admin/cores&coreNodeName=core_node3&collection.configName=tweets&newCollection=true&name=tweets_shard1_replica_n1&action=CREATE&numShards=2&collection=tweets&shard=shard1&wt=javabin&version=2&replicaType=NRT} status=0 QTime=7964
2022-03-23 08:02:35.816 INFO  (qtp179294202-27) [   ] o.a.s.s.HttpSolrCall [admin] webapp=null path=/admin/cores params={qt=/admin/cores&coreNodeName=core_node7&collection.configName=tweets&newCollection=true&name=tweets_shard2_replica_n4&action=CREATE&numShards=2&collection=tweets&shard=shard2&wt=javabin&version=2&replicaType=NRT} status=0 QTime=7957
2022-03-23 08:02:35.946 INFO  (zkCallback-12-thread-2) [   ] o.a.s.c.c.ZkStateReader A cluster state change: [WatchedEvent state:SyncConnected type:NodeDataChanged path:/collections/tweets/state.json] for collection [tweets] has occurred - updating... (live nodes size: [2])
2022-03-23 08:02:35.947 INFO  (zkCallback-12-thread-4) [   ] o.a.s.c.c.ZkStateReader A cluster state change: [WatchedEvent state:SyncConnected type:NodeDataChanged path:/collections/tweets/state.json] for collection [tweets] has occurred - updating... (live nodes size: [2])
2022-03-23 08:02:35.947 INFO  (zkCallback-12-thread-3) [   ] o.a.s.c.c.ZkStateReader A cluster state change: [WatchedEvent state:SyncConnected type:NodeDataChanged path:/collections/tweets/state.json] for collection [tweets] has occurred - updating... (live nodes size: [2])
2022-03-23 08:02:36.215 INFO  (Thread-12) [   ] o.a.s.c.SolrCore config update listener called for core tweets_shard1_replica_n1
2022-03-23 08:02:36.218 INFO  (Thread-12) [   ] o.a.s.c.SolrCore core reload tweets_shard1_replica_n1
2022-03-23 08:02:36.242 INFO  (Thread-12) [   ] o.a.s.c.RequestParams conf resource params.json loaded . version : 0 
2022-03-23 08:02:36.242 INFO  (Thread-12) [   ] o.a.s.c.RequestParams request params refreshed to version 0
2022-03-23 08:02:36.246 INFO  (Thread-12) [   ] o.a.s.c.SolrResourceLoader Added 57 libs to classloader, from paths: [/D:/Projects/IR%20Project/solr-8.11.1/contrib/extraction/lib, /D:/Projects/IR%20Project/solr-8.11.1/contrib/langid/lib, /D:/Projects/IR%20Project/solr-8.11.1/contrib/velocity/lib, /D:/Projects/IR%20Project/solr-8.11.1/dist]
2022-03-23 08:02:36.272 INFO  (Thread-12) [   ] o.a.s.c.SolrConfig Using Lucene MatchVersion: 8.11.1
2022-03-23 08:02:36.272 INFO  (Thread-12) [   ] o.a.s.u.SolrIndexConfig IndexWriter infoStream solr logging is enabled
2022-03-23 08:02:36.273 WARN  (Thread-12) [   ] o.a.s.c.SolrConfig solrconfig.xml: <jmx> is no longer supported, use solr.xml:/metrics/reporter section instead
2022-03-23 08:02:36.293 INFO  (Thread-12) [   ] o.a.s.s.IndexSchema Schema name=example
2022-03-23 08:02:36.346 INFO  (qtp179294202-24) [c:tweets s:shard2 r:core_node7 x:tweets_shard2_replica_n4] o.a.s.h.SolrConfigHandler expecting overlay version 0 but my version is -1
2022-03-23 08:02:36.347 INFO  (qtp179294202-24) [c:tweets s:shard2 r:core_node7 x:tweets_shard2_replica_n4] o.a.s.c.S.Request [tweets_shard2_replica_n4]  webapp=/solr path=/config/znodeVersion params={overlay=0&wt=javabin&version=2} status=0 QTime=4
2022-03-23 08:02:36.349 INFO  (qtp179294202-20) [c:tweets s:shard1 r:core_node3 x:tweets_shard1_replica_n1] o.a.s.h.SolrConfigHandler expecting overlay version 0 but my version is -1
2022-03-23 08:02:36.349 INFO  (qtp179294202-20) [c:tweets s:shard1 r:core_node3 x:tweets_shard1_replica_n1] o.a.s.c.S.Request [tweets_shard1_replica_n1]  webapp=/solr path=/config/znodeVersion params={overlay=0&wt=javabin&version=2} status=0 QTime=0
2022-03-23 08:02:36.352 INFO  (SolrConfigHandler-refreshconf) [   ] o.a.s.h.SolrConfigHandler Another reload is in progress . Not doing anything
2022-03-23 08:02:36.352 INFO  (SolrConfigHandler-refreshconf) [   ] o.a.s.h.SolrConfigHandler Trying to update my configs
2022-03-23 08:02:36.353 INFO  (SolrConfigHandler-refreshconf) [   ] o.a.s.c.SolrCore config update listener called for core tweets_shard2_replica_n4
2022-03-23 08:02:36.356 INFO  (SolrConfigHandler-refreshconf) [   ] o.a.s.c.SolrCore core reload tweets_shard2_replica_n4
2022-03-23 08:02:36.384 INFO  (SolrConfigHandler-refreshconf) [   ] o.a.s.c.RequestParams conf resource params.json loaded . version : 0 
2022-03-23 08:02:36.384 INFO  (SolrConfigHandler-refreshconf) [   ] o.a.s.c.RequestParams request params refreshed to version 0
2022-03-23 08:02:36.388 INFO  (SolrConfigHandler-refreshconf) [   ] o.a.s.c.SolrResourceLoader Added 57 libs to classloader, from paths: [/D:/Projects/IR%20Project/solr-8.11.1/contrib/extraction/lib, /D:/Projects/IR%20Project/solr-8.11.1/contrib/langid/lib, /D:/Projects/IR%20Project/solr-8.11.1/contrib/velocity/lib, /D:/Projects/IR%20Project/solr-8.11.1/dist]
2022-03-23 08:02:36.408 INFO  (SolrConfigHandler-refreshconf) [   ] o.a.s.c.SolrConfig Using Lucene MatchVersion: 8.11.1
2022-03-23 08:02:36.408 INFO  (SolrConfigHandler-refreshconf) [   ] o.a.s.u.SolrIndexConfig IndexWriter infoStream solr logging is enabled
2022-03-23 08:02:36.408 WARN  (SolrConfigHandler-refreshconf) [   ] o.a.s.c.SolrConfig solrconfig.xml: <jmx> is no longer supported, use solr.xml:/metrics/reporter section instead
2022-03-23 08:02:36.412 INFO  (SolrConfigHandler-refreshconf) [   ] o.a.s.s.IndexSchema Schema name=example
2022-03-23 08:02:36.497 INFO  (qtp179294202-24) [c:tweets s:shard1 r:core_node3 x:tweets_shard1_replica_n1] o.a.s.h.SolrConfigHandler expecting overlay version 0 but my version is -1
2022-03-23 08:02:36.498 INFO  (qtp179294202-24) [c:tweets s:shard1 r:core_node3 x:tweets_shard1_replica_n1] o.a.s.c.S.Request [tweets_shard1_replica_n1]  webapp=/solr path=/config/znodeVersion params={overlay=0&wt=javabin&version=2} status=0 QTime=0
2022-03-23 08:02:36.499 INFO  (qtp179294202-27) [c:tweets s:shard2 r:core_node7 x:tweets_shard2_replica_n4] o.a.s.h.SolrConfigHandler expecting overlay version 0 but my version is -1
2022-03-23 08:02:36.499 INFO  (qtp179294202-27) [c:tweets s:shard2 r:core_node7 x:tweets_shard2_replica_n4] o.a.s.c.S.Request [tweets_shard2_replica_n4]  webapp=/solr path=/config/znodeVersion params={overlay=0&wt=javabin&version=2} status=0 QTime=1
2022-03-23 08:02:36.502 INFO  (SolrConfigHandler-refreshconf) [   ] o.a.s.h.SolrConfigHandler Another reload is in progress . Not doing anything
2022-03-23 08:02:36.509 INFO  (SolrConfigHandler-refreshconf) [   ] o.a.s.h.SolrConfigHandler Another reload is in progress . Not doing anything
2022-03-23 08:02:36.590 INFO  (Thread-12) [   ] o.a.s.r.RestManager Registered ManagedResource impl org.apache.solr.rest.schema.analysis.ManagedWordSetResource for path /schema/analysis/stopwords/english
2022-03-23 08:02:36.591 INFO  (Thread-12) [   ] o.a.s.r.RestManager Registered ManagedResource impl org.apache.solr.rest.schema.analysis.ManagedSynonymGraphFilterFactory$SynonymManager for path /schema/analysis/synonyms/english
2022-03-23 08:02:36.591 INFO  (Thread-12) [   ] o.a.s.r.RestManager Added observer of type org.apache.solr.rest.schema.analysis.ManagedStopFilterFactory to existing ManagedResource /schema/analysis/stopwords/english
2022-03-23 08:02:36.591 INFO  (Thread-12) [   ] o.a.s.r.RestManager Added observer of type org.apache.solr.rest.schema.analysis.ManagedSynonymGraphFilterFactory to existing ManagedResource /schema/analysis/synonyms/english
2022-03-23 08:02:36.604 INFO  (Thread-12) [   ] o.a.s.s.IndexSchema Loaded schema example/1.6 with uniqueid field id
2022-03-23 08:02:36.605 INFO  (Thread-12) [   ] o.a.s.r.RestManager Added observer of type org.apache.solr.rest.schema.analysis.ManagedStopFilterFactory to existing ManagedResource /schema/analysis/stopwords/english
2022-03-23 08:02:36.605 INFO  (Thread-12) [   ] o.a.s.r.RestManager Added observer of type org.apache.solr.rest.schema.analysis.ManagedSynonymGraphFilterFactory to existing ManagedResource /schema/analysis/synonyms/english
2022-03-23 08:02:36.605 INFO  (Thread-12) [   ] o.a.s.r.RestManager Added observer of type org.apache.solr.rest.schema.analysis.ManagedStopFilterFactory to existing ManagedResource /schema/analysis/stopwords/english
2022-03-23 08:02:36.605 INFO  (Thread-12) [   ] o.a.s.r.RestManager Added observer of type org.apache.solr.rest.schema.analysis.ManagedSynonymGraphFilterFactory to existing ManagedResource /schema/analysis/synonyms/english
2022-03-23 08:02:36.621 INFO  (qtp179294202-20) [c:tweets s:shard1 r:core_node3 x:tweets_shard1_replica_n1] o.a.s.h.SolrConfigHandler expecting overlay version 0 but my version is -1
2022-03-23 08:02:36.621 INFO  (qtp179294202-20) [c:tweets s:shard1 r:core_node3 x:tweets_shard1_replica_n1] o.a.s.c.S.Request [tweets_shard1_replica_n1]  webapp=/solr path=/config/znodeVersion params={overlay=0&wt=javabin&version=2} status=0 QTime=0
2022-03-23 08:02:36.627 INFO  (SolrConfigHandler-refreshconf) [   ] o.a.s.h.SolrConfigHandler Another reload is in progress . Not doing anything
2022-03-23 08:02:36.666 INFO  (qtp179294202-27) [c:tweets s:shard2 r:core_node7 x:tweets_shard2_replica_n4] o.a.s.h.SolrConfigHandler expecting overlay version 0 but my version is -1
2022-03-23 08:02:36.666 INFO  (qtp179294202-27) [c:tweets s:shard2 r:core_node7 x:tweets_shard2_replica_n4] o.a.s.c.S.Request [tweets_shard2_replica_n4]  webapp=/solr path=/config/znodeVersion params={overlay=0&wt=javabin&version=2} status=0 QTime=0
2022-03-23 08:02:36.686 INFO  (SolrConfigHandler-refreshconf) [   ] o.a.s.h.SolrConfigHandler Another reload is in progress . Not doing anything
2022-03-23 08:02:36.736 INFO  (SolrConfigHandler-refreshconf) [   ] o.a.s.r.RestManager Registered ManagedResource impl org.apache.solr.rest.schema.analysis.ManagedWordSetResource for path /schema/analysis/stopwords/english
2022-03-23 08:02:36.736 INFO  (SolrConfigHandler-refreshconf) [   ] o.a.s.r.RestManager Registered ManagedResource impl org.apache.solr.rest.schema.analysis.ManagedSynonymGraphFilterFactory$SynonymManager for path /schema/analysis/synonyms/english
2022-03-23 08:02:36.736 INFO  (SolrConfigHandler-refreshconf) [   ] o.a.s.r.RestManager Added observer of type org.apache.solr.rest.schema.analysis.ManagedStopFilterFactory to existing ManagedResource /schema/analysis/stopwords/english
2022-03-23 08:02:36.736 INFO  (SolrConfigHandler-refreshconf) [   ] o.a.s.r.RestManager Added observer of type org.apache.solr.rest.schema.analysis.ManagedSynonymGraphFilterFactory to existing ManagedResource /schema/analysis/synonyms/english
2022-03-23 08:02:36.754 INFO  (SolrConfigHandler-refreshconf) [   ] o.a.s.s.IndexSchema Loaded schema example/1.6 with uniqueid field id
2022-03-23 08:02:36.754 INFO  (SolrConfigHandler-refreshconf) [   ] o.a.s.r.RestManager Added observer of type org.apache.solr.rest.schema.analysis.ManagedStopFilterFactory to existing ManagedResource /schema/analysis/stopwords/english
2022-03-23 08:02:36.754 INFO  (SolrConfigHandler-refreshconf) [   ] o.a.s.r.RestManager Added observer of type org.apache.solr.rest.schema.analysis.ManagedSynonymGraphFilterFactory to existing ManagedResource /schema/analysis/synonyms/english
2022-03-23 08:02:36.754 INFO  (SolrConfigHandler-refreshconf) [   ] o.a.s.r.RestManager Added observer of type org.apache.solr.rest.schema.analysis.ManagedStopFilterFactory to existing ManagedResource /schema/analysis/stopwords/english
2022-03-23 08:02:36.754 INFO  (SolrConfigHandler-refreshconf) [   ] o.a.s.r.RestManager Added observer of type org.apache.solr.rest.schema.analysis.ManagedSynonymGraphFilterFactory to existing ManagedResource /schema/analysis/synonyms/english
2022-03-23 08:02:36.762 INFO  (qtp179294202-20) [c:tweets s:shard1 r:core_node3 x:tweets_shard1_replica_n1] o.a.s.h.SolrConfigHandler expecting overlay version 0 but my version is -1
2022-03-23 08:02:36.763 INFO  (qtp179294202-20) [c:tweets s:shard1 r:core_node3 x:tweets_shard1_replica_n1] o.a.s.c.S.Request [tweets_shard1_replica_n1]  webapp=/solr path=/config/znodeVersion params={overlay=0&wt=javabin&version=2} status=0 QTime=0
2022-03-23 08:02:36.766 INFO  (SolrConfigHandler-refreshconf) [   ] o.a.s.h.SolrConfigHandler Another reload is in progress . Not doing anything
2022-03-23 08:02:36.775 INFO  (qtp179294202-27) [c:tweets s:shard2 r:core_node7 x:tweets_shard2_replica_n4] o.a.s.h.SolrConfigHandler expecting overlay version 0 but my version is -1
2022-03-23 08:02:36.775 INFO  (qtp179294202-27) [c:tweets s:shard2 r:core_node7 x:tweets_shard2_replica_n4] o.a.s.c.S.Request [tweets_shard2_replica_n4]  webapp=/solr path=/config/znodeVersion params={overlay=0&wt=javabin&version=2} status=0 QTime=0
2022-03-23 08:02:36.781 INFO  (SolrConfigHandler-refreshconf) [   ] o.a.s.h.SolrConfigHandler Another reload is in progress . Not doing anything
2022-03-23 08:02:36.850 INFO  (Thread-12) [   ] o.a.s.c.CoreContainer Reloading SolrCore 'tweets_shard1_replica_n1' using configuration from configset tweets
2022-03-23 08:02:36.890 INFO  (qtp179294202-25) [c:tweets s:shard1 r:core_node3 x:tweets_shard1_replica_n1] o.a.s.h.SolrConfigHandler expecting overlay version 0 but my version is -1
2022-03-23 08:02:36.891 INFO  (qtp179294202-25) [c:tweets s:shard1 r:core_node3 x:tweets_shard1_replica_n1] o.a.s.c.S.Request [tweets_shard1_replica_n1]  webapp=/solr path=/config/znodeVersion params={overlay=0&wt=javabin&version=2} status=0 QTime=0
2022-03-23 08:02:36.893 INFO  (Thread-12) [c:tweets s:shard1 r:core_node3 x:tweets_shard1_replica_n1] o.a.s.m.r.SolrJmxReporter JMX monitoring for 'solr.core.tweets.shard1.replica_n1' (registry 'solr.core.tweets.shard1.replica_n1') enabled at server: com.sun.jmx.mbeanserver.JmxMBeanServer@76a2ddf3
2022-03-23 08:02:36.894 INFO  (Thread-12) [   ] o.a.s.c.SolrCore [[tweets_shard1_replica_n1] ] Opening new SolrCore at [D:\Projects\IR Project\solr-8.11.1\example\cloud\node2\solr\tweets_shard1_replica_n1], dataDir=[D:\Projects\IR Project\solr-8.11.1\example\cloud\node2\solr\tweets_shard1_replica_n1\data\]
2022-03-23 08:02:36.900 INFO  (qtp179294202-20) [c:tweets s:shard2 r:core_node7 x:tweets_shard2_replica_n4] o.a.s.h.SolrConfigHandler expecting overlay version 0 but my version is -1
2022-03-23 08:02:36.901 INFO  (qtp179294202-20) [c:tweets s:shard2 r:core_node7 x:tweets_shard2_replica_n4] o.a.s.c.S.Request [tweets_shard2_replica_n4]  webapp=/solr path=/config/znodeVersion params={overlay=0&wt=javabin&version=2} status=0 QTime=0
2022-03-23 08:02:36.905 INFO  (Thread-12) [   ] o.a.s.r.XSLTResponseWriter xsltCacheLifetimeSeconds=5
2022-03-23 08:02:36.930 INFO  (SolrConfigHandler-refreshconf) [   ] o.a.s.h.SolrConfigHandler Another reload is in progress . Not doing anything
2022-03-23 08:02:36.933 INFO  (SolrConfigHandler-refreshconf) [   ] o.a.s.h.SolrConfigHandler Another reload is in progress . Not doing anything
2022-03-23 08:02:36.971 INFO  (Thread-12) [   ] o.a.s.u.CommitTracker Hard AutoCommit: if uncommitted for 15000ms; 
2022-03-23 08:02:36.971 INFO  (Thread-12) [   ] o.a.s.u.CommitTracker Soft AutoCommit: if uncommitted for 3000ms; 
2022-03-23 08:02:36.985 INFO  (Thread-12) [   ] o.a.s.r.ManagedResourceStorage Configured ZooKeeperStorageIO with znodeBase: /configs/tweets
2022-03-23 08:02:36.989 INFO  (Thread-12) [   ] o.a.s.r.ManagedResourceStorage Loaded LinkedHashMap at path _rest_managed.json using ZooKeeperStorageIO:path=/configs/tweets
2022-03-23 08:02:36.989 INFO  (Thread-12) [   ] o.a.s.r.ManagedResource Loaded initArgs {} for /rest/managed
2022-03-23 08:02:36.996 INFO  (Thread-12) [   ] o.a.s.r.ManagedResourceStorage Loaded LinkedHashMap at path _schema_analysis_stopwords_english.json using ZooKeeperStorageIO:path=/configs/tweets
2022-03-23 08:02:36.996 INFO  (Thread-12) [   ] o.a.s.r.ManagedResource Loaded initArgs {ignoreCase=true} for /schema/analysis/stopwords/english
2022-03-23 08:02:36.996 INFO  (Thread-12) [   ] o.a.s.r.s.a.ManagedWordSetResource Loaded 35 words for /schema/analysis/stopwords/english
2022-03-23 08:02:36.997 INFO  (Thread-12) [   ] o.a.s.r.ManagedResource Notified 2 observers of /schema/analysis/stopwords/english
2022-03-23 08:02:37.002 INFO  (Thread-12) [   ] o.a.s.r.ManagedResourceStorage Loaded LinkedHashMap at path _schema_analysis_synonyms_english.json using ZooKeeperStorageIO:path=/configs/tweets
2022-03-23 08:02:37.002 INFO  (Thread-12) [   ] o.a.s.r.ManagedResource Loaded initArgs {ignoreCase=true,format=solr} for /schema/analysis/synonyms/english
2022-03-23 08:02:37.002 INFO  (Thread-12) [   ] o.a.s.r.s.a.ManagedSynonymGraphFilterFactory Loaded 3 synonym mappings for /schema/analysis/synonyms/english
2022-03-23 08:02:37.005 INFO  (Thread-12) [   ] o.a.s.r.ManagedResource Notified 2 observers of /schema/analysis/synonyms/english
2022-03-23 08:02:37.005 INFO  (Thread-12) [   ] o.a.s.s.ZkIndexSchemaReader Creating ZooKeeper watch for the managed schema at /configs/tweets/managed-schema
2022-03-23 08:02:37.010 INFO  (qtp179294202-27) [c:tweets s:shard1 r:core_node3 x:tweets_shard1_replica_n1] o.a.s.h.SolrConfigHandler expecting overlay version 0 but my version is -1
2022-03-23 08:02:37.011 INFO  (qtp179294202-27) [c:tweets s:shard1 r:core_node3 x:tweets_shard1_replica_n1] o.a.s.c.S.Request [tweets_shard1_replica_n1]  webapp=/solr path=/config/znodeVersion params={overlay=0&wt=javabin&version=2} status=0 QTime=0
2022-03-23 08:02:37.015 INFO  (SolrConfigHandler-refreshconf) [   ] o.a.s.h.SolrConfigHandler Another reload is in progress . Not doing anything
2022-03-23 08:02:37.023 INFO  (qtp179294202-25) [c:tweets s:shard2 r:core_node7 x:tweets_shard2_replica_n4] o.a.s.h.SolrConfigHandler expecting overlay version 0 but my version is -1
2022-03-23 08:02:37.023 INFO  (qtp179294202-25) [c:tweets s:shard2 r:core_node7 x:tweets_shard2_replica_n4] o.a.s.c.S.Request [tweets_shard2_replica_n4]  webapp=/solr path=/config/znodeVersion params={overlay=0&wt=javabin&version=2} status=0 QTime=3
2022-03-23 08:02:37.023 INFO  (Thread-12) [   ] o.a.s.s.ZkIndexSchemaReader Current schema version 0 is already the latest
2022-03-23 08:02:37.023 INFO  (Thread-12) [   ] o.a.s.h.c.SpellCheckComponent Initializing spell checkers
2022-03-23 08:02:37.024 INFO  (Thread-12) [   ] o.a.s.s.DirectSolrSpellChecker init: {name=default,field=text,classname=solr.DirectSolrSpellChecker,distanceMeasure=internal,accuracy=0.5,maxQueryFrequency=0.01,maxEdits=2,minPrefix=1,maxInspections=5,minQueryLength=4}
2022-03-23 08:02:37.025 INFO  (Thread-12) [   ] o.a.s.h.c.SuggestComponent Initializing SuggestComponent
2022-03-23 08:02:37.025 INFO  (Thread-12) [   ] o.a.s.s.s.SolrSuggester init: {name=mySuggester,lookupImpl=FuzzyLookupFactory,dictionaryImpl=DocumentDictionaryFactory,field=cat,weightField=price,suggestAnalyzerFieldType=string,buildOnStartup=false}
2022-03-23 08:02:37.025 INFO  (Thread-12) [   ] o.a.s.s.s.SolrSuggester Dictionary loaded with params: {name=mySuggester,lookupImpl=FuzzyLookupFactory,dictionaryImpl=DocumentDictionaryFactory,field=cat,weightField=price,suggestAnalyzerFieldType=string,buildOnStartup=false}
2022-03-23 08:02:37.025 INFO  (SolrConfigHandler-refreshconf) [   ] o.a.s.h.SolrConfigHandler Another reload is in progress . Not doing anything
2022-03-23 08:02:37.030 INFO  (Thread-12) [   ] o.a.s.h.ReplicationHandler Commits will be reserved for 10000 ms
2022-03-23 08:02:37.030 INFO  (Thread-12) [   ] o.a.s.u.UpdateLog Could not find max version in index or recent updates, using new clock 1728076900760289280
2022-03-23 08:02:37.044 INFO  (searcherExecutor-35-thread-1-processing-n:172.20.33.182:7574_solr) [   ] o.a.s.c.S.Request [tweets_shard1_replica_n1]  webapp=null path=null params={q=static+firstSearcher+warming+in+solrconfig.xml&distrib=false&event=firstSearcher} hits=0 status=0 QTime=1
2022-03-23 08:02:37.044 INFO  (searcherExecutor-35-thread-1-processing-n:172.20.33.182:7574_solr) [   ] o.a.s.c.QuerySenderListener QuerySenderListener done.
2022-03-23 08:02:37.044 INFO  (searcherExecutor-35-thread-1-processing-n:172.20.33.182:7574_solr) [   ] o.a.s.h.c.SpellCheckComponent Loading spell index for spellchecker: default
2022-03-23 08:02:37.044 INFO  (searcherExecutor-35-thread-1-processing-n:172.20.33.182:7574_solr) [   ] o.a.s.h.c.SpellCheckComponent Loading spell index for spellchecker: wordbreak
2022-03-23 08:02:37.049 INFO  (searcherExecutor-35-thread-1-processing-n:172.20.33.182:7574_solr) [   ] o.a.s.c.SolrCore [tweets_shard1_replica_n1]  Registered new searcher autowarm time: 0 ms
2022-03-23 08:02:37.069 INFO  (Thread-12) [   ] o.a.s.u.DefaultSolrCoreState New IndexWriter is ready to be used.
2022-03-23 08:02:37.075 INFO  (Thread-12) [   ] o.a.s.c.SolrCore [tweets_shard1_replica_n1]  CLOSING SolrCore org.apache.solr.core.SolrCore@14d6a714
2022-03-23 08:02:37.075 INFO  (Thread-12) [   ] o.a.s.m.SolrMetricManager Closing metric reporters for registry=solr.core.tweets.shard1.replica_n1 tag=SolrCore@14d6a714
2022-03-23 08:02:37.076 INFO  (Thread-12) [   ] o.a.s.m.r.SolrJmxReporter Closing reporter [org.apache.solr.metrics.reporters.SolrJmxReporter@7061b172: rootName = null, domain = solr.core.tweets.shard1.replica_n1, service url = null, agent id = null] for registry solr.core.tweets.shard1.replica_n1/com.codahale.metrics.MetricRegistry@4a2a7cff
2022-03-23 08:02:37.081 INFO  (Thread-12) [   ] o.a.s.m.SolrMetricManager Closing metric reporters for registry=solr.collection.tweets.shard1.leader tag=SolrCore@14d6a714
2022-03-23 08:02:37.094 INFO  (Thread-12) [   ] o.a.s.c.SolrCore config update listener called for core tweets_shard2_replica_n4
2022-03-23 08:02:37.104 INFO  (searcherExecutor-35-thread-1-processing-n:172.20.33.182:7574_solr) [   ] o.a.s.c.QuerySenderListener QuerySenderListener done.
2022-03-23 08:02:37.104 INFO  (Thread-12) [   ] o.a.s.c.SolrCore core reload tweets_shard2_replica_n4
2022-03-23 08:02:37.104 INFO  (Thread-12) [   ] o.a.s.c.SolrCore Another reload is in progress. Not doing anything.
2022-03-23 08:02:37.107 INFO  (searcherExecutor-35-thread-1-processing-n:172.20.33.182:7574_solr) [   ] o.a.s.c.SolrCore [tweets_shard1_replica_n1]  Registered new searcher autowarm time: 7 ms
2022-03-23 08:02:37.122 INFO  (qtp179294202-27) [c:tweets s:shard1 r:core_node3 x:tweets_shard1_replica_n1] o.a.s.h.SolrConfigHandler I already have the expected version 0 of config
2022-03-23 08:02:37.122 INFO  (qtp179294202-27) [c:tweets s:shard1 r:core_node3 x:tweets_shard1_replica_n1] o.a.s.h.SolrConfigHandler isStale false , resourceloader org.apache.solr.cloud.ZkSolrResourceLoader
2022-03-23 08:02:37.123 INFO  (qtp179294202-27) [c:tweets s:shard1 r:core_node3 x:tweets_shard1_replica_n1] o.a.s.c.S.Request [tweets_shard1_replica_n1]  webapp=/solr path=/config/znodeVersion params={overlay=0&wt=javabin&version=2} status=0 QTime=0
2022-03-23 08:02:37.129 INFO  (qtp179294202-20) [c:tweets s:shard2 r:core_node7 x:tweets_shard2_replica_n4] o.a.s.h.SolrConfigHandler expecting overlay version 0 but my version is -1
2022-03-23 08:02:37.129 INFO  (qtp179294202-20) [c:tweets s:shard2 r:core_node7 x:tweets_shard2_replica_n4] o.a.s.c.S.Request [tweets_shard2_replica_n4]  webapp=/solr path=/config/znodeVersion params={overlay=0&wt=javabin&version=2} status=0 QTime=0
2022-03-23 08:02:37.130 INFO  (SolrConfigHandler-refreshconf) [   ] o.a.s.h.SolrConfigHandler Another reload is in progress . Not doing anything
2022-03-23 08:02:37.154 INFO  (SolrConfigHandler-refreshconf) [   ] o.a.s.c.CoreContainer Reloading SolrCore 'tweets_shard2_replica_n4' using configuration from configset tweets
2022-03-23 08:02:37.174 INFO  (SolrConfigHandler-refreshconf) [c:tweets s:shard2 r:core_node7 x:tweets_shard2_replica_n4] o.a.s.m.r.SolrJmxReporter JMX monitoring for 'solr.core.tweets.shard2.replica_n4' (registry 'solr.core.tweets.shard2.replica_n4') enabled at server: com.sun.jmx.mbeanserver.JmxMBeanServer@76a2ddf3
2022-03-23 08:02:37.174 INFO  (SolrConfigHandler-refreshconf) [   ] o.a.s.c.SolrCore [[tweets_shard2_replica_n4] ] Opening new SolrCore at [D:\Projects\IR Project\solr-8.11.1\example\cloud\node2\solr\tweets_shard2_replica_n4], dataDir=[D:\Projects\IR Project\solr-8.11.1\example\cloud\node2\solr\tweets_shard2_replica_n4\data\]
2022-03-23 08:02:37.177 INFO  (SolrConfigHandler-refreshconf) [   ] o.a.s.r.XSLTResponseWriter xsltCacheLifetimeSeconds=5
2022-03-23 08:02:37.229 INFO  (SolrConfigHandler-refreshconf) [   ] o.a.s.u.CommitTracker Hard AutoCommit: if uncommitted for 15000ms; 
2022-03-23 08:02:37.229 INFO  (SolrConfigHandler-refreshconf) [   ] o.a.s.u.CommitTracker Soft AutoCommit: if uncommitted for 3000ms; 
2022-03-23 08:02:37.233 INFO  (SolrConfigHandler-refreshconf) [   ] o.a.s.r.ManagedResourceStorage Configured ZooKeeperStorageIO with znodeBase: /configs/tweets
2022-03-23 08:02:37.234 INFO  (SolrConfigHandler-refreshconf) [   ] o.a.s.r.ManagedResourceStorage Loaded LinkedHashMap at path _rest_managed.json using ZooKeeperStorageIO:path=/configs/tweets
2022-03-23 08:02:37.234 INFO  (SolrConfigHandler-refreshconf) [   ] o.a.s.r.ManagedResource Loaded initArgs {} for /rest/managed
2022-03-23 08:02:37.235 INFO  (SolrConfigHandler-refreshconf) [   ] o.a.s.r.ManagedResourceStorage Loaded LinkedHashMap at path _schema_analysis_stopwords_english.json using ZooKeeperStorageIO:path=/configs/tweets
2022-03-23 08:02:37.235 INFO  (SolrConfigHandler-refreshconf) [   ] o.a.s.r.ManagedResource Loaded initArgs {ignoreCase=true} for /schema/analysis/stopwords/english
2022-03-23 08:02:37.235 INFO  (SolrConfigHandler-refreshconf) [   ] o.a.s.r.s.a.ManagedWordSetResource Loaded 35 words for /schema/analysis/stopwords/english
2022-03-23 08:02:37.235 INFO  (SolrConfigHandler-refreshconf) [   ] o.a.s.r.ManagedResource Notified 2 observers of /schema/analysis/stopwords/english
2022-03-23 08:02:37.236 INFO  (SolrConfigHandler-refreshconf) [   ] o.a.s.r.ManagedResourceStorage Loaded LinkedHashMap at path _schema_analysis_synonyms_english.json using ZooKeeperStorageIO:path=/configs/tweets
2022-03-23 08:02:37.236 INFO  (SolrConfigHandler-refreshconf) [   ] o.a.s.r.ManagedResource Loaded initArgs {ignoreCase=true,format=solr} for /schema/analysis/synonyms/english
2022-03-23 08:02:37.236 INFO  (SolrConfigHandler-refreshconf) [   ] o.a.s.r.s.a.ManagedSynonymGraphFilterFactory Loaded 3 synonym mappings for /schema/analysis/synonyms/english
2022-03-23 08:02:37.237 INFO  (SolrConfigHandler-refreshconf) [   ] o.a.s.r.ManagedResource Notified 2 observers of /schema/analysis/synonyms/english
2022-03-23 08:02:37.237 INFO  (SolrConfigHandler-refreshconf) [   ] o.a.s.s.ZkIndexSchemaReader Creating ZooKeeper watch for the managed schema at /configs/tweets/managed-schema
2022-03-23 08:02:37.242 INFO  (qtp179294202-25) [c:tweets s:shard2 r:core_node7 x:tweets_shard2_replica_n4] o.a.s.h.SolrConfigHandler expecting overlay version 0 but my version is -1
2022-03-23 08:02:37.242 INFO  (SolrConfigHandler-refreshconf) [   ] o.a.s.s.ZkIndexSchemaReader Current schema version 0 is already the latest
2022-03-23 08:02:37.242 INFO  (SolrConfigHandler-refreshconf) [   ] o.a.s.h.c.SpellCheckComponent Initializing spell checkers
2022-03-23 08:02:37.243 INFO  (qtp179294202-25) [c:tweets s:shard2 r:core_node7 x:tweets_shard2_replica_n4] o.a.s.c.S.Request [tweets_shard2_replica_n4]  webapp=/solr path=/config/znodeVersion params={overlay=0&wt=javabin&version=2} status=0 QTime=0
2022-03-23 08:02:37.243 INFO  (SolrConfigHandler-refreshconf) [   ] o.a.s.s.DirectSolrSpellChecker init: {name=default,field=text,classname=solr.DirectSolrSpellChecker,distanceMeasure=internal,accuracy=0.5,maxQueryFrequency=0.01,maxEdits=2,minPrefix=1,maxInspections=5,minQueryLength=4}
2022-03-23 08:02:37.243 INFO  (SolrConfigHandler-refreshconf) [   ] o.a.s.h.c.SuggestComponent Initializing SuggestComponent
2022-03-23 08:02:37.243 INFO  (SolrConfigHandler-refreshconf) [   ] o.a.s.s.s.SolrSuggester init: {name=mySuggester,lookupImpl=FuzzyLookupFactory,dictionaryImpl=DocumentDictionaryFactory,field=cat,weightField=price,suggestAnalyzerFieldType=string,buildOnStartup=false}
2022-03-23 08:02:37.243 INFO  (SolrConfigHandler-refreshconf) [   ] o.a.s.s.s.SolrSuggester Dictionary loaded with params: {name=mySuggester,lookupImpl=FuzzyLookupFactory,dictionaryImpl=DocumentDictionaryFactory,field=cat,weightField=price,suggestAnalyzerFieldType=string,buildOnStartup=false}
2022-03-23 08:02:37.246 INFO  (SolrConfigHandler-refreshconf) [   ] o.a.s.h.SolrConfigHandler Another reload is in progress . Not doing anything
2022-03-23 08:02:37.246 INFO  (SolrConfigHandler-refreshconf) [   ] o.a.s.h.ReplicationHandler Commits will be reserved for 10000 ms
2022-03-23 08:02:37.247 INFO  (SolrConfigHandler-refreshconf) [   ] o.a.s.u.UpdateLog Could not find max version in index or recent updates, using new clock 1728076900987830272
2022-03-23 08:02:37.253 INFO  (searcherExecutor-40-thread-1-processing-n:172.20.33.182:7574_solr) [   ] o.a.s.c.S.Request [tweets_shard2_replica_n4]  webapp=null path=null params={q=static+firstSearcher+warming+in+solrconfig.xml&distrib=false&event=firstSearcher} hits=0 status=0 QTime=3
2022-03-23 08:02:37.253 INFO  (searcherExecutor-40-thread-1-processing-n:172.20.33.182:7574_solr) [   ] o.a.s.c.QuerySenderListener QuerySenderListener done.
2022-03-23 08:02:37.253 INFO  (searcherExecutor-40-thread-1-processing-n:172.20.33.182:7574_solr) [   ] o.a.s.h.c.SpellCheckComponent Loading spell index for spellchecker: default
2022-03-23 08:02:37.253 INFO  (searcherExecutor-40-thread-1-processing-n:172.20.33.182:7574_solr) [   ] o.a.s.h.c.SpellCheckComponent Loading spell index for spellchecker: wordbreak
2022-03-23 08:02:37.258 INFO  (SolrConfigHandler-refreshconf) [   ] o.a.s.u.DefaultSolrCoreState New IndexWriter is ready to be used.
2022-03-23 08:02:37.258 INFO  (searcherExecutor-40-thread-1-processing-n:172.20.33.182:7574_solr) [   ] o.a.s.c.SolrCore [tweets_shard2_replica_n4]  Registered new searcher autowarm time: 0 ms
2022-03-23 08:02:37.259 INFO  (SolrConfigHandler-refreshconf) [   ] o.a.s.c.SolrCore [tweets_shard2_replica_n4]  CLOSING SolrCore org.apache.solr.core.SolrCore@68f2eef5
2022-03-23 08:02:37.259 INFO  (SolrConfigHandler-refreshconf) [   ] o.a.s.m.SolrMetricManager Closing metric reporters for registry=solr.core.tweets.shard2.replica_n4 tag=SolrCore@68f2eef5
2022-03-23 08:02:37.259 INFO  (SolrConfigHandler-refreshconf) [   ] o.a.s.m.r.SolrJmxReporter Closing reporter [org.apache.solr.metrics.reporters.SolrJmxReporter@4a0d26ad: rootName = null, domain = solr.core.tweets.shard2.replica_n4, service url = null, agent id = null] for registry solr.core.tweets.shard2.replica_n4/com.codahale.metrics.MetricRegistry@63d468a5
2022-03-23 08:02:37.260 INFO  (searcherExecutor-40-thread-1-processing-n:172.20.33.182:7574_solr) [   ] o.a.s.c.QuerySenderListener QuerySenderListener done.
2022-03-23 08:02:37.262 INFO  (SolrConfigHandler-refreshconf) [   ] o.a.s.m.SolrMetricManager Closing metric reporters for registry=solr.collection.tweets.shard2.leader tag=SolrCore@68f2eef5
2022-03-23 08:02:37.264 INFO  (searcherExecutor-40-thread-1-processing-n:172.20.33.182:7574_solr) [   ] o.a.s.c.SolrCore [tweets_shard2_replica_n4]  Registered new searcher autowarm time: 1 ms
2022-03-23 08:02:37.347 INFO  (qtp179294202-20) [c:tweets s:shard2 r:core_node7 x:tweets_shard2_replica_n4] o.a.s.h.SolrConfigHandler I already have the expected version 0 of config
2022-03-23 08:02:37.347 INFO  (qtp179294202-20) [c:tweets s:shard2 r:core_node7 x:tweets_shard2_replica_n4] o.a.s.h.SolrConfigHandler isStale false , resourceloader org.apache.solr.cloud.ZkSolrResourceLoader
2022-03-23 08:02:37.347 INFO  (qtp179294202-20) [c:tweets s:shard2 r:core_node7 x:tweets_shard2_replica_n4] o.a.s.c.S.Request [tweets_shard2_replica_n4]  webapp=/solr path=/config/znodeVersion params={overlay=0&wt=javabin&version=2} status=0 QTime=0
2022-03-23 08:23:53.723 INFO  (qtp179294202-26) [   x:tweets_shard1_replica_n1] o.a.s.m.SolrMetricManager Closing metric reporters for registry=solr.core.tweets.shard1.replica_n1 tag=null
2022-03-23 08:23:53.723 INFO  (qtp179294202-26) [   x:tweets_shard1_replica_n1] o.a.s.m.r.SolrJmxReporter Closing reporter [org.apache.solr.metrics.reporters.SolrJmxReporter@35788fd0: rootName = null, domain = solr.core.tweets.shard1.replica_n1, service url = null, agent id = null] for registry solr.core.tweets.shard1.replica_n1/com.codahale.metrics.MetricRegistry@4a2a7cff
2022-03-23 08:23:53.728 INFO  (qtp179294202-25) [   x:tweets_shard2_replica_n4] o.a.s.m.SolrMetricManager Closing metric reporters for registry=solr.core.tweets.shard2.replica_n4 tag=null
2022-03-23 08:23:53.728 INFO  (qtp179294202-25) [   x:tweets_shard2_replica_n4] o.a.s.m.r.SolrJmxReporter Closing reporter [org.apache.solr.metrics.reporters.SolrJmxReporter@59cbbeaf: rootName = null, domain = solr.core.tweets.shard2.replica_n4, service url = null, agent id = null] for registry solr.core.tweets.shard2.replica_n4/com.codahale.metrics.MetricRegistry@63d468a5
2022-03-23 08:23:53.729 INFO  (qtp179294202-26) [   ] o.a.s.c.SolrCore [tweets_shard1_replica_n1]  CLOSING SolrCore org.apache.solr.core.SolrCore@79296090
2022-03-23 08:23:53.733 INFO  (qtp179294202-26) [   ] o.a.s.m.SolrMetricManager Closing metric reporters for registry=solr.core.tweets.shard1.replica_n1 tag=SolrCore@79296090
2022-03-23 08:23:53.733 INFO  (qtp179294202-26) [   ] o.a.s.m.SolrMetricManager Closing metric reporters for registry=solr.collection.tweets.shard1.leader tag=SolrCore@79296090
2022-03-23 08:23:53.734 INFO  (qtp179294202-26) [   ] o.a.s.u.DirectUpdateHandler2 Committing on IndexWriter.close()  ... SKIPPED (unnecessary).
2022-03-23 08:23:53.735 INFO  (qtp179294202-25) [   ] o.a.s.c.SolrCore [tweets_shard2_replica_n4]  CLOSING SolrCore org.apache.solr.core.SolrCore@7df5c38a
2022-03-23 08:23:53.735 INFO  (qtp179294202-25) [   ] o.a.s.m.SolrMetricManager Closing metric reporters for registry=solr.core.tweets.shard2.replica_n4 tag=SolrCore@7df5c38a
2022-03-23 08:23:53.735 INFO  (qtp179294202-25) [   ] o.a.s.m.SolrMetricManager Closing metric reporters for registry=solr.collection.tweets.shard2.leader tag=SolrCore@7df5c38a
2022-03-23 08:23:53.735 INFO  (qtp179294202-25) [   ] o.a.s.u.DirectUpdateHandler2 Committing on IndexWriter.close()  ... SKIPPED (unnecessary).
2022-03-23 08:23:53.786 INFO  (qtp179294202-26) [   ] o.a.s.c.ZkShardTerms Successful update of terms at /collections/tweets/terms/shard1 to Terms{values={core_node5=0}, version=2}
2022-03-23 08:23:53.835 INFO  (qtp179294202-25) [   ] o.a.s.c.ZkShardTerms Failed to save terms, version is not a match, retrying
2022-03-23 08:23:53.835 INFO  (qtp179294202-26) [   ] o.a.s.c.ShardLeaderElectionContextBase No version found for ephemeral leader parent node, won't remove previous leader registration.
2022-03-23 08:23:53.884 INFO  (qtp179294202-26) [   ] o.a.s.s.HttpSolrCall [admin] webapp=null path=/admin/cores params={deleteInstanceDir=true&deleteMetricsHistory=true&core=tweets_shard1_replica_n1&qt=/admin/cores&deleteDataDir=true&action=UNLOAD&wt=javabin&version=2} status=0 QTime=162
2022-03-23 08:23:53.909 INFO  (qtp179294202-25) [   ] o.a.s.c.ZkShardTerms Successful update of terms at /collections/tweets/terms/shard2 to Terms{values={}, version=3}
2022-03-23 08:23:53.933 INFO  (qtp179294202-25) [   ] o.a.s.c.ShardLeaderElectionContextBase No version found for ephemeral leader parent node, won't remove previous leader registration.
2022-03-23 08:23:53.933 WARN  (zkCallback-12-thread-5) [   ] o.a.s.c.LeaderElector Our node is no longer in line to be leader
2022-03-23 08:23:53.983 INFO  (qtp179294202-25) [   ] o.a.s.s.HttpSolrCall [admin] webapp=null path=/admin/cores params={deleteInstanceDir=true&deleteMetricsHistory=true&core=tweets_shard2_replica_n4&qt=/admin/cores&deleteDataDir=true&action=UNLOAD&wt=javabin&version=2} status=0 QTime=259
2022-03-23 08:23:54.007 INFO  (zkCallback-12-thread-5) [   ] o.a.s.c.c.ZkStateReader A cluster state change: [WatchedEvent state:SyncConnected type:NodeDataChanged path:/collections/tweets/state.json] for collection [tweets] has occurred - updating... (live nodes size: [2])
2022-03-23 08:23:54.007 INFO  (zkCallback-12-thread-7) [   ] o.a.s.c.c.ZkStateReader A cluster state change: [WatchedEvent state:SyncConnected type:NodeDataChanged path:/collections/tweets/state.json] for collection [tweets] has occurred - updating... (live nodes size: [2])
2022-03-23 08:23:54.007 INFO  (zkCallback-12-thread-6) [   ] o.a.s.c.c.ZkStateReader A cluster state change: [WatchedEvent state:SyncConnected type:NodeDataChanged path:/collections/tweets/state.json] for collection [tweets] has occurred - updating... (live nodes size: [2])
2022-03-23 08:24:13.890 INFO  (ShutdownMonitor) [   ] o.e.j.s.AbstractConnector Stopped ServerConnector@3bd7f8dc{HTTP/1.1, (http/1.1, h2c)}{0.0.0.0:7574}
2022-03-23 08:24:13.891 INFO  (ShutdownMonitor) [   ] o.e.j.s.session node0 Stopped scavenging
2022-03-23 08:24:13.891 INFO  (ShutdownMonitor) [   ] o.a.s.c.CoreContainer Shutting down CoreContainer instance=967643830
2022-03-23 08:24:13.891 INFO  (ShutdownMonitor) [   ] o.a.s.c.ZkController Remove node as live in ZooKeeper:/live_nodes/172.20.33.182:7574_solr
2022-03-23 08:24:13.929 INFO  (ShutdownMonitor) [   ] o.a.s.c.ZkController Publish this node as DOWN...
2022-03-23 08:24:13.929 INFO  (ShutdownMonitor) [   ] o.a.s.c.ZkController Publish node=172.20.33.182:7574_solr as DOWN
2022-03-23 08:24:13.957 INFO  (ShutdownMonitor) [   ] o.a.s.m.SolrMetricManager Closing metric reporters for registry=solr.node tag=null
2022-03-23 08:24:13.957 INFO  (ShutdownMonitor) [   ] o.a.s.m.r.SolrJmxReporter Closing reporter [org.apache.solr.metrics.reporters.SolrJmxReporter@d13baac: rootName = null, domain = solr.node, service url = null, agent id = null] for registry solr.node/com.codahale.metrics.MetricRegistry@52e25aa8
2022-03-23 08:24:13.959 INFO  (ShutdownMonitor) [   ] o.a.s.m.SolrMetricManager Closing metric reporters for registry=solr.jvm tag=null
2022-03-23 08:24:13.959 INFO  (ShutdownMonitor) [   ] o.a.s.m.r.SolrJmxReporter Closing reporter [org.apache.solr.metrics.reporters.SolrJmxReporter@40d52be7: rootName = null, domain = solr.jvm, service url = null, agent id = null] for registry solr.jvm/com.codahale.metrics.MetricRegistry@c8bcf5
2022-03-23 08:24:13.960 INFO  (ShutdownMonitor) [   ] o.a.s.m.SolrMetricManager Closing metric reporters for registry=solr.jetty tag=null
2022-03-23 08:24:13.960 INFO  (ShutdownMonitor) [   ] o.a.s.m.r.SolrJmxReporter Closing reporter [org.apache.solr.metrics.reporters.SolrJmxReporter@23ad71bf: rootName = null, domain = solr.jetty, service url = null, agent id = null] for registry solr.jetty/com.codahale.metrics.MetricRegistry@1038d828
2022-03-23 08:24:13.960 INFO  (ShutdownMonitor) [   ] o.a.s.m.SolrMetricManager Closing metric reporters for registry=solr.cluster tag=null
2022-03-23 08:24:14.133 INFO  (ShutdownMonitor) [   ] o.e.j.s.h.ContextHandler Stopped o.e.j.w.WebAppContext@df5f5c0{/solr,null,STOPPED}{D:\Projects\IR Project\solr-8.11.1\server/solr-webapp/webapp}
